[0.020s] Invoking command in '/home/ruize/dev_ws/build/ros2_env': CMAKE_PREFIX_PATH=${CMAKE_PREFIX_PATH}:/opt/ros/foxy /usr/bin/cmake --build /home/ruize/dev_ws/build/ros2_env -- -j4 -l4
[0.048s] -- Found ament_cmake: 0.9.8 (/opt/ros/foxy/share/ament_cmake/cmake)
[0.069s] -- Using PYTHON_EXECUTABLE: /usr/bin/python3
[0.205s] -- Found rclcpp: 2.3.0 (/opt/ros/foxy/share/rclcpp/cmake)
[0.239s] -- Using all available rosidl_typesupport_c: rosidl_typesupport_fastrtps_c;rosidl_typesupport_introspection_c
[0.243s] -- Found rosidl_adapter: 1.2.0 (/opt/ros/foxy/share/rosidl_adapter/cmake)
[0.345s] -- Using all available rosidl_typesupport_cpp: rosidl_typesupport_fastrtps_cpp;rosidl_typesupport_introspection_cpp
[0.386s] -- Found rmw_implementation_cmake: 1.0.2 (/opt/ros/foxy/share/rmw_implementation_cmake/cmake)
[0.387s] -- Using RMW implementation 'rmw_fastrtps_cpp' as default
[0.509s] -- Found rclpy: 1.0.5 (/opt/ros/foxy/share/rclpy/cmake)
[0.510s] -- Found gazebo_ros: 3.5.0 (/opt/ros/foxy/share/gazebo_ros/cmake)
[0.557s] -- Found DART: /usr/include (Required is at least version "6.6") found components: dart 
[0.581s] -- Found Protobuf: /usr/lib/x86_64-linux-gnu/libprotobuf.so;-lpthread (found version "3.6.1") 
[0.582s] -- Looking for ignition-math6 -- found version 6.8.0
[0.585s] -- Searching for dependencies of ignition-math6
[0.587s] -- Looking for OGRE...
[0.591s] -- Found Ogre Ghadamon (1.9.0)
[0.592s] -- Found OGRE: optimized;/usr/lib/x86_64-linux-gnu/libOgreMain.so;debug;/usr/lib/x86_64-linux-gnu/libOgreMain.so
[0.600s] -- Looking for OGRE_Paging...
[0.600s] -- Found OGRE_Paging: optimized;/usr/lib/x86_64-linux-gnu/libOgrePaging.so;debug;/usr/lib/x86_64-linux-gnu/libOgrePaging.so
[0.600s] -- Looking for OGRE_Terrain...
[0.601s] -- Found OGRE_Terrain: optimized;/usr/lib/x86_64-linux-gnu/libOgreTerrain.so;debug;/usr/lib/x86_64-linux-gnu/libOgreTerrain.so
[0.601s] -- Looking for OGRE_Property...
[0.602s] -- Found OGRE_Property: optimized;/usr/lib/x86_64-linux-gnu/libOgreProperty.so;debug;/usr/lib/x86_64-linux-gnu/libOgreProperty.so
[0.602s] -- Looking for OGRE_RTShaderSystem...
[0.602s] -- Found OGRE_RTShaderSystem: optimized;/usr/lib/x86_64-linux-gnu/libOgreRTShaderSystem.so;debug;/usr/lib/x86_64-linux-gnu/libOgreRTShaderSystem.so
[0.602s] -- Looking for OGRE_Volume...
[0.602s] -- Found OGRE_Volume: optimized;/usr/lib/x86_64-linux-gnu/libOgreVolume.so;debug;/usr/lib/x86_64-linux-gnu/libOgreVolume.so
[0.602s] -- Looking for OGRE_Overlay...
[0.602s] -- Found OGRE_Overlay: optimized;/usr/lib/x86_64-linux-gnu/libOgreOverlay.so;debug;/usr/lib/x86_64-linux-gnu/libOgreOverlay.so
[0.703s] -- Looking for ignition-math6 -- found version 6.8.0
[0.703s] -- Looking for ignition-transport8 -- found version 8.2.0
[0.713s] -- Searching for dependencies of ignition-transport8
[0.739s] -- Found Protobuf: /usr/lib/x86_64-linux-gnu/libprotobuf.so;-lpthread (found suitable version "3.6.1", minimum required is "3") 
[0.746s] -- Config-file not installed for ZeroMQ -- checking for pkg-config
[0.751s] -- Checking for module 'libzmq >= 4'
[0.763s] --   Found libzmq , version 4.3.2
[0.794s] -- Checking for module 'uuid'
[0.806s] --   Found uuid, version 2.34.0
[0.843s] -- Looking for ignition-msgs5 -- found version 5.7.0
[0.844s] -- Searching for dependencies of ignition-msgs5
[0.861s] -- Looking for ignition-math6 -- found version 6.8.0
[0.865s] -- Checking for module 'tinyxml2'
[0.879s] --   Found tinyxml2, version 6.2.0
[0.909s] -- Looking for ignition-msgs5 -- found version 5.7.0
[0.910s] -- Looking for ignition-common3 -- found version 3.11.1
[0.911s] -- Searching for dependencies of ignition-common3
[0.911s] -- Looking for dlfcn.h - found
[0.912s] -- Looking for libdl - found
[0.918s] -- Searching for <ignition-common3> component [graphics]
[0.918s] -- Looking for ignition-common3-graphics -- found version 3.11.1
[0.920s] -- Searching for dependencies of ignition-common3-graphics
[0.920s] -- Looking for ignition-math6 -- found version 6.8.0
[0.922s] -- Looking for ignition-fuel_tools4 -- found version 4.3.0
[0.922s] -- Searching for dependencies of ignition-fuel_tools4
[0.948s] -- Checking for module 'jsoncpp'
[0.964s] --   Found jsoncpp, version 1.7.4
[0.998s] -- Checking for module 'libzip'
[1.012s] --   Found libzip, version 1.5.1
[1.042s] -- Looking for ignition-common3 -- found version 3.11.1
[1.043s] -- Looking for ignition-msgs5 -- found version 5.7.0
[1.045s] -- Gazebo version: 11.3
[1.049s] -- Found gazebo_plugins: 3.5.0 (/opt/ros/foxy/share/gazebo_plugins/cmake)
[1.287s] CMake Error at /opt/ros/foxy/share/ament_cmake_target_dependencies/cmake/ament_target_dependencies.cmake:77 (message):
[1.292s]   ament_target_dependencies() the passed package name 'Boost::thread' was not
[1.292s]   found before
[1.292s] Call Stack (most recent call first):
[1.292s]   CMakeLists.txt:62 (ament_target_dependencies)
[1.292s] 
[1.292s] 
[1.292s] -- Configuring incomplete, errors occurred!
[1.292s] See also "/home/ruize/dev_ws/build/ros2_env/CMakeFiles/CMakeOutput.log".
[1.292s] See also "/home/ruize/dev_ws/build/ros2_env/CMakeFiles/CMakeError.log".
[1.296s] make: *** [Makefile:578: cmake_check_build_system] Error 1
[1.298s] Invoked command in '/home/ruize/dev_ws/build/ros2_env' returned '2': CMAKE_PREFIX_PATH=${CMAKE_PREFIX_PATH}:/opt/ros/foxy /usr/bin/cmake --build /home/ruize/dev_ws/build/ros2_env -- -j4 -l4
