[0.014s] Invoking command in '/home/ruize/dev_ws/build/ros2_env': CMAKE_PREFIX_PATH=${CMAKE_PREFIX_PATH}:/opt/ros/foxy /usr/bin/cmake --build /home/ruize/dev_ws/build/ros2_env -- -j4 -l4
[0.040s] -- Found ament_cmake: 0.9.8 (/opt/ros/foxy/share/ament_cmake/cmake)
[0.057s] -- Using PYTHON_EXECUTABLE: /usr/bin/python3
[0.185s] -- Found rclcpp: 2.3.0 (/opt/ros/foxy/share/rclcpp/cmake)
[0.208s] -- Using all available rosidl_typesupport_c: rosidl_typesupport_fastrtps_c;rosidl_typesupport_introspection_c
[0.210s] -- Found rosidl_adapter: 1.2.0 (/opt/ros/foxy/share/rosidl_adapter/cmake)
[0.304s] -- Using all available rosidl_typesupport_cpp: rosidl_typesupport_fastrtps_cpp;rosidl_typesupport_introspection_cpp
[0.344s] -- Found rmw_implementation_cmake: 1.0.2 (/opt/ros/foxy/share/rmw_implementation_cmake/cmake)
[0.345s] -- Using RMW implementation 'rmw_fastrtps_cpp' as default
[0.448s] -- Found rclpy: 1.0.5 (/opt/ros/foxy/share/rclpy/cmake)
[0.449s] -- Found gazebo_ros: 3.5.0 (/opt/ros/foxy/share/gazebo_ros/cmake)
[0.483s] -- Found DART: /usr/include (Required is at least version "6.6") found components: dart 
[0.497s] -- Found Boost: /usr/lib/x86_64-linux-gnu/cmake/Boost-1.71.0/BoostConfig.cmake (found suitable version "1.71.0", minimum required is "1.40.0") found components: thread system filesystem program_options regex iostreams date_time 
[0.504s] -- Found Protobuf: /usr/lib/x86_64-linux-gnu/libprotobuf.so;-lpthread (found version "3.6.1") 
[0.505s] -- Looking for ignition-math6 -- found version 6.8.0
[0.509s] -- Searching for dependencies of ignition-math6
[0.510s] -- Looking for OGRE...
[0.516s] -- Found Ogre Ghadamon (1.9.0)
[0.516s] -- Found OGRE: optimized;/usr/lib/x86_64-linux-gnu/libOgreMain.so;debug;/usr/lib/x86_64-linux-gnu/libOgreMain.so
[0.525s] -- Looking for OGRE_Paging...
[0.525s] -- Found OGRE_Paging: optimized;/usr/lib/x86_64-linux-gnu/libOgrePaging.so;debug;/usr/lib/x86_64-linux-gnu/libOgrePaging.so
[0.526s] -- Looking for OGRE_Terrain...
[0.526s] -- Found OGRE_Terrain: optimized;/usr/lib/x86_64-linux-gnu/libOgreTerrain.so;debug;/usr/lib/x86_64-linux-gnu/libOgreTerrain.so
[0.526s] -- Looking for OGRE_Property...
[0.526s] -- Found OGRE_Property: optimized;/usr/lib/x86_64-linux-gnu/libOgreProperty.so;debug;/usr/lib/x86_64-linux-gnu/libOgreProperty.so
[0.526s] -- Looking for OGRE_RTShaderSystem...
[0.526s] -- Found OGRE_RTShaderSystem: optimized;/usr/lib/x86_64-linux-gnu/libOgreRTShaderSystem.so;debug;/usr/lib/x86_64-linux-gnu/libOgreRTShaderSystem.so
[0.526s] -- Looking for OGRE_Volume...
[0.526s] -- Found OGRE_Volume: optimized;/usr/lib/x86_64-linux-gnu/libOgreVolume.so;debug;/usr/lib/x86_64-linux-gnu/libOgreVolume.so
[0.526s] -- Looking for OGRE_Overlay...
[0.526s] -- Found OGRE_Overlay: optimized;/usr/lib/x86_64-linux-gnu/libOgreOverlay.so;debug;/usr/lib/x86_64-linux-gnu/libOgreOverlay.so
[0.606s] -- Looking for ignition-math6 -- found version 6.8.0
[0.606s] -- Looking for ignition-transport8 -- found version 8.2.0
[0.607s] -- Searching for dependencies of ignition-transport8
[0.622s] -- Found Protobuf: /usr/lib/x86_64-linux-gnu/libprotobuf.so;-lpthread (found suitable version "3.6.1", minimum required is "3") 
[0.632s] -- Config-file not installed for ZeroMQ -- checking for pkg-config
[0.637s] -- Checking for module 'libzmq >= 4'
[0.649s] --   Found libzmq , version 4.3.2
[0.679s] -- Checking for module 'uuid'
[0.689s] --   Found uuid, version 2.34.0
[0.715s] -- Looking for ignition-msgs5 -- found version 5.7.0
[0.716s] -- Searching for dependencies of ignition-msgs5
[0.733s] -- Looking for ignition-math6 -- found version 6.8.0
[0.739s] -- Checking for module 'tinyxml2'
[0.750s] --   Found tinyxml2, version 6.2.0
[0.775s] -- Looking for ignition-msgs5 -- found version 5.7.0
[0.775s] -- Looking for ignition-common3 -- found version 3.11.1
[0.775s] -- Searching for dependencies of ignition-common3
[0.776s] -- Looking for dlfcn.h - found
[0.776s] -- Looking for libdl - found
[0.781s] -- Searching for <ignition-common3> component [graphics]
[0.782s] -- Looking for ignition-common3-graphics -- found version 3.11.1
[0.782s] -- Searching for dependencies of ignition-common3-graphics
[0.782s] -- Looking for ignition-math6 -- found version 6.8.0
[0.784s] -- Looking for ignition-fuel_tools4 -- found version 4.3.0
[0.784s] -- Searching for dependencies of ignition-fuel_tools4
[0.801s] -- Checking for module 'jsoncpp'
[0.811s] --   Found jsoncpp, version 1.7.4
[0.846s] -- Checking for module 'libzip'
[0.858s] --   Found libzip, version 1.5.1
[0.884s] -- Looking for ignition-common3 -- found version 3.11.1
[0.885s] -- Looking for ignition-msgs5 -- found version 5.7.0
[0.887s] -- Gazebo version: 11.3
[0.891s] -- Found gazebo_plugins: 3.5.0 (/opt/ros/foxy/share/gazebo_plugins/cmake)
[1.105s] -- Found Boost: /usr/lib/x86_64-linux-gnu/cmake/Boost-1.71.0/BoostConfig.cmake (found version "1.71.0")  
[1.106s] CMake Error at /opt/ros/foxy/share/ament_cmake_target_dependencies/cmake/ament_target_dependencies.cmake:77 (message):
[1.107s]   ament_target_dependencies() the passed package name 'BulletSoftBody' was
[1.107s]   not found before
[1.107s] Call Stack (most recent call first):
[1.107s]   CMakeLists.txt:63 (ament_target_dependencies)
[1.107s] 
[1.107s] 
[1.108s] -- Configuring incomplete, errors occurred!
[1.108s] See also "/home/ruize/dev_ws/build/ros2_env/CMakeFiles/CMakeOutput.log".
[1.108s] See also "/home/ruize/dev_ws/build/ros2_env/CMakeFiles/CMakeError.log".
[1.119s] make: *** [Makefile:578: cmake_check_build_system] Error 1
[1.120s] Invoked command in '/home/ruize/dev_ws/build/ros2_env' returned '2': CMAKE_PREFIX_PATH=${CMAKE_PREFIX_PATH}:/opt/ros/foxy /usr/bin/cmake --build /home/ruize/dev_ws/build/ros2_env -- -j4 -l4
