[0.014s] Invoking command in '/home/ruize/dev_ws/build/ros2_env': CMAKE_PREFIX_PATH=${CMAKE_PREFIX_PATH}:/opt/ros/foxy /usr/bin/cmake --build /home/ruize/dev_ws/build/ros2_env -- -j4 -l4
[0.036s] -- Found ament_cmake: 0.9.8 (/opt/ros/foxy/share/ament_cmake/cmake)
[0.054s] -- Using PYTHON_EXECUTABLE: /usr/bin/python3
[0.189s] -- Found rclcpp: 2.3.0 (/opt/ros/foxy/share/rclcpp/cmake)
[0.215s] -- Using all available rosidl_typesupport_c: rosidl_typesupport_fastrtps_c;rosidl_typesupport_introspection_c
[0.218s] -- Found rosidl_adapter: 1.2.0 (/opt/ros/foxy/share/rosidl_adapter/cmake)
[0.317s] -- Using all available rosidl_typesupport_cpp: rosidl_typesupport_fastrtps_cpp;rosidl_typesupport_introspection_cpp
[0.365s] -- Found rmw_implementation_cmake: 1.0.2 (/opt/ros/foxy/share/rmw_implementation_cmake/cmake)
[0.366s] -- Using RMW implementation 'rmw_fastrtps_cpp' as default
[0.482s] -- Found rclpy: 1.0.5 (/opt/ros/foxy/share/rclpy/cmake)
[0.483s] -- Found gazebo_ros: 3.5.0 (/opt/ros/foxy/share/gazebo_ros/cmake)
[0.520s] -- Found DART: /usr/include (Required is at least version "6.6") found components: dart 
[0.543s] -- Found Protobuf: /usr/lib/x86_64-linux-gnu/libprotobuf.so;-lpthread (found version "3.6.1") 
[0.544s] -- Looking for ignition-math6 -- found version 6.8.0
[0.549s] -- Searching for dependencies of ignition-math6
[0.551s] -- Looking for OGRE...
[0.555s] -- Found Ogre Ghadamon (1.9.0)
[0.555s] -- Found OGRE: optimized;/usr/lib/x86_64-linux-gnu/libOgreMain.so;debug;/usr/lib/x86_64-linux-gnu/libOgreMain.so
[0.564s] -- Looking for OGRE_Paging...
[0.564s] -- Found OGRE_Paging: optimized;/usr/lib/x86_64-linux-gnu/libOgrePaging.so;debug;/usr/lib/x86_64-linux-gnu/libOgrePaging.so
[0.564s] -- Looking for OGRE_Terrain...
[0.564s] -- Found OGRE_Terrain: optimized;/usr/lib/x86_64-linux-gnu/libOgreTerrain.so;debug;/usr/lib/x86_64-linux-gnu/libOgreTerrain.so
[0.564s] -- Looking for OGRE_Property...
[0.564s] -- Found OGRE_Property: optimized;/usr/lib/x86_64-linux-gnu/libOgreProperty.so;debug;/usr/lib/x86_64-linux-gnu/libOgreProperty.so
[0.564s] -- Looking for OGRE_RTShaderSystem...
[0.564s] -- Found OGRE_RTShaderSystem: optimized;/usr/lib/x86_64-linux-gnu/libOgreRTShaderSystem.so;debug;/usr/lib/x86_64-linux-gnu/libOgreRTShaderSystem.so
[0.564s] -- Looking for OGRE_Volume...
[0.564s] -- Found OGRE_Volume: optimized;/usr/lib/x86_64-linux-gnu/libOgreVolume.so;debug;/usr/lib/x86_64-linux-gnu/libOgreVolume.so
[0.564s] -- Looking for OGRE_Overlay...
[0.564s] -- Found OGRE_Overlay: optimized;/usr/lib/x86_64-linux-gnu/libOgreOverlay.so;debug;/usr/lib/x86_64-linux-gnu/libOgreOverlay.so
[0.650s] -- Looking for ignition-math6 -- found version 6.8.0
[0.651s] -- Looking for ignition-transport8 -- found version 8.2.0
[0.651s] -- Searching for dependencies of ignition-transport8
[0.669s] -- Found Protobuf: /usr/lib/x86_64-linux-gnu/libprotobuf.so;-lpthread (found suitable version "3.6.1", minimum required is "3") 
[0.679s] -- Config-file not installed for ZeroMQ -- checking for pkg-config
[0.682s] -- Checking for module 'libzmq >= 4'
[0.694s] --   Found libzmq , version 4.3.2
[0.728s] -- Checking for module 'uuid'
[0.740s] --   Found uuid, version 2.34.0
[0.770s] -- Looking for ignition-msgs5 -- found version 5.7.0
[0.771s] -- Searching for dependencies of ignition-msgs5
[0.787s] -- Looking for ignition-math6 -- found version 6.8.0
[0.791s] -- Checking for module 'tinyxml2'
[0.812s] --   Found tinyxml2, version 6.2.0
[0.860s] -- Looking for ignition-msgs5 -- found version 5.7.0
[0.861s] -- Looking for ignition-common3 -- found version 3.11.1
[0.865s] -- Searching for dependencies of ignition-common3
[0.865s] -- Looking for dlfcn.h - found
[0.865s] -- Looking for libdl - found
[0.876s] -- Searching for <ignition-common3> component [graphics]
[0.876s] -- Looking for ignition-common3-graphics -- found version 3.11.1
[0.876s] -- Searching for dependencies of ignition-common3-graphics
[0.876s] -- Looking for ignition-math6 -- found version 6.8.0
[0.876s] -- Looking for ignition-fuel_tools4 -- found version 4.3.0
[0.876s] -- Searching for dependencies of ignition-fuel_tools4
[0.896s] -- Checking for module 'jsoncpp'
[0.907s] --   Found jsoncpp, version 1.7.4
[0.942s] -- Checking for module 'libzip'
[0.952s] --   Found libzip, version 1.5.1
[0.977s] -- Looking for ignition-common3 -- found version 3.11.1
[0.978s] -- Looking for ignition-msgs5 -- found version 5.7.0
[0.979s] -- Gazebo version: 11.3
[0.982s] -- Found gazebo_plugins: 3.5.0 (/opt/ros/foxy/share/gazebo_plugins/cmake)
[1.224s] -- Found ament_lint_auto: 0.9.6 (/opt/ros/foxy/share/ament_lint_auto/cmake)
[1.278s] -- Added test 'copyright' to check source files copyright and LICENSE
[1.280s] -- Added test 'cppcheck' to perform static code analysis on C / C++ code
[1.281s] -- Configured cppcheck include dirs: /home/ruize/dev_ws/src/ros2_env/include
[1.281s] -- Configured cppcheck exclude dirs and/or files: 
[1.285s] -- Added test 'cpplint' to check C / C++ code against the Google style
[1.285s] -- Configured cpplint exclude dirs and/or files: 
[1.285s] -- Added test 'flake8' to check Python code syntax and style conventions
[1.285s] -- Added test 'lint_cmake' to check CMake code style
[1.286s] -- Added test 'pep257' to check Python code against some of the style conventions in PEP 257
[1.289s] -- Added test 'uncrustify' to check C / C++ code style
[1.289s] -- Configured uncrustify additional arguments: 
[1.290s] -- Added test 'xmllint' to check XML markup files
[1.293s] -- Configuring done
[1.295s] CMake Error at CMakeLists.txt:37 (add_library):
[1.295s]   Cannot find source file:
[1.296s] 
[1.296s]     plugins/WavefieldModelPlugin.cpp
[1.296s] 
[1.296s]   Tried extensions .c .C .c++ .cc .cpp .cxx .cu .m .M .mm .h .hh .h++ .hm
[1.296s]   .hpp .hxx .in .txx
[1.296s] 
[1.296s] 
[1.297s] CMake Error at CMakeLists.txt:37 (add_library):
[1.297s]   No SOURCES given to target: WavefieldModelPlugin
[1.297s] 
[1.297s] 
[1.297s] CMake Generate step failed.  Build files cannot be regenerated correctly.
[1.304s] make: *** [Makefile:222: cmake_check_build_system] Error 1
[1.305s] Invoked command in '/home/ruize/dev_ws/build/ros2_env' returned '2': CMAKE_PREFIX_PATH=${CMAKE_PREFIX_PATH}:/opt/ros/foxy /usr/bin/cmake --build /home/ruize/dev_ws/build/ros2_env -- -j4 -l4
