[0.024s] Invoking command in '/home/ruize/dev_ws/build/ros2_env': CMAKE_PREFIX_PATH=${CMAKE_PREFIX_PATH}:/opt/ros/foxy /usr/bin/cmake --build /home/ruize/dev_ws/build/ros2_env -- -j4 -l4
[0.113s] -- Found ament_cmake: 0.9.8 (/opt/ros/foxy/share/ament_cmake/cmake)
[0.136s] -- Using PYTHON_EXECUTABLE: /usr/bin/python3
[0.295s] -- Found rclcpp: 2.3.0 (/opt/ros/foxy/share/rclcpp/cmake)
[0.350s] -- Using all available rosidl_typesupport_c: rosidl_typesupport_fastrtps_c;rosidl_typesupport_introspection_c
[0.356s] -- Found rosidl_adapter: 1.2.0 (/opt/ros/foxy/share/rosidl_adapter/cmake)
[0.485s] -- Using all available rosidl_typesupport_cpp: rosidl_typesupport_fastrtps_cpp;rosidl_typesupport_introspection_cpp
[0.541s] -- Found rmw_implementation_cmake: 1.0.2 (/opt/ros/foxy/share/rmw_implementation_cmake/cmake)
[0.546s] -- Using RMW implementation 'rmw_fastrtps_cpp' as default
[0.690s] -- Found rclpy: 1.0.5 (/opt/ros/foxy/share/rclpy/cmake)
[0.694s] -- Found gazebo_ros: 3.5.0 (/opt/ros/foxy/share/gazebo_ros/cmake)
[0.756s] -- Found DART: /usr/include (Required is at least version "6.6") found components: dart 
[0.797s] -- Found Protobuf: /usr/lib/x86_64-linux-gnu/libprotobuf.so;-lpthread (found version "3.6.1") 
[0.800s] -- Looking for ignition-math6 -- found version 6.8.0
[0.809s] -- Searching for dependencies of ignition-math6
[0.812s] -- Looking for OGRE...
[0.821s] -- Found Ogre Ghadamon (1.9.0)
[0.822s] -- Found OGRE: optimized;/usr/lib/x86_64-linux-gnu/libOgreMain.so;debug;/usr/lib/x86_64-linux-gnu/libOgreMain.so
[0.833s] -- Looking for OGRE_Paging...
[0.833s] -- Found OGRE_Paging: optimized;/usr/lib/x86_64-linux-gnu/libOgrePaging.so;debug;/usr/lib/x86_64-linux-gnu/libOgrePaging.so
[0.833s] -- Looking for OGRE_Terrain...
[0.833s] -- Found OGRE_Terrain: optimized;/usr/lib/x86_64-linux-gnu/libOgreTerrain.so;debug;/usr/lib/x86_64-linux-gnu/libOgreTerrain.so
[0.833s] -- Looking for OGRE_Property...
[0.833s] -- Found OGRE_Property: optimized;/usr/lib/x86_64-linux-gnu/libOgreProperty.so;debug;/usr/lib/x86_64-linux-gnu/libOgreProperty.so
[0.833s] -- Looking for OGRE_RTShaderSystem...
[0.833s] -- Found OGRE_RTShaderSystem: optimized;/usr/lib/x86_64-linux-gnu/libOgreRTShaderSystem.so;debug;/usr/lib/x86_64-linux-gnu/libOgreRTShaderSystem.so
[0.834s] -- Looking for OGRE_Volume...
[0.834s] -- Found OGRE_Volume: optimized;/usr/lib/x86_64-linux-gnu/libOgreVolume.so;debug;/usr/lib/x86_64-linux-gnu/libOgreVolume.so
[0.834s] -- Looking for OGRE_Overlay...
[0.834s] -- Found OGRE_Overlay: optimized;/usr/lib/x86_64-linux-gnu/libOgreOverlay.so;debug;/usr/lib/x86_64-linux-gnu/libOgreOverlay.so
[0.925s] -- Looking for ignition-math6 -- found version 6.8.0
[0.929s] -- Looking for ignition-transport8 -- found version 8.2.0
[0.930s] -- Searching for dependencies of ignition-transport8
[0.945s] -- Found Protobuf: /usr/lib/x86_64-linux-gnu/libprotobuf.so;-lpthread (found suitable version "3.6.1", minimum required is "3") 
[0.955s] -- Config-file not installed for ZeroMQ -- checking for pkg-config
[0.958s] -- Checking for module 'libzmq >= 4'
[0.972s] --   Found libzmq , version 4.3.2
[1.001s] -- Checking for module 'uuid'
[1.016s] --   Found uuid, version 2.34.0
[1.049s] -- Looking for ignition-msgs5 -- found version 5.7.0
[1.050s] -- Searching for dependencies of ignition-msgs5
[1.066s] -- Looking for ignition-math6 -- found version 6.8.0
[1.071s] -- Checking for module 'tinyxml2'
[1.082s] --   Found tinyxml2, version 6.2.0
[1.121s] -- Looking for ignition-msgs5 -- found version 5.7.0
[1.123s] -- Looking for ignition-common3 -- found version 3.11.1
[1.124s] -- Searching for dependencies of ignition-common3
[1.125s] -- Looking for dlfcn.h - found
[1.125s] -- Looking for libdl - found
[1.135s] -- Searching for <ignition-common3> component [graphics]
[1.136s] -- Looking for ignition-common3-graphics -- found version 3.11.1
[1.136s] -- Searching for dependencies of ignition-common3-graphics
[1.137s] -- Looking for ignition-math6 -- found version 6.8.0
[1.139s] -- Looking for ignition-fuel_tools4 -- found version 4.3.0
[1.140s] -- Searching for dependencies of ignition-fuel_tools4
[1.161s] -- Checking for module 'jsoncpp'
[1.173s] --   Found jsoncpp, version 1.7.4
[1.203s] -- Checking for module 'libzip'
[1.215s] --   Found libzip, version 1.5.1
[1.246s] -- Looking for ignition-common3 -- found version 3.11.1
[1.247s] -- Looking for ignition-msgs5 -- found version 5.7.0
[1.250s] -- Gazebo version: 11.3
[1.255s] -- Found gazebo_plugins: 3.5.0 (/opt/ros/foxy/share/gazebo_plugins/cmake)
[1.513s] -- Found ament_lint_auto: 0.9.6 (/opt/ros/foxy/share/ament_lint_auto/cmake)
[1.575s] -- Added test 'copyright' to check source files copyright and LICENSE
[1.578s] -- Added test 'cppcheck' to perform static code analysis on C / C++ code
[1.580s] -- Configured cppcheck include dirs: /home/ruize/dev_ws/src/ros2_env/include
[1.580s] -- Configured cppcheck exclude dirs and/or files: 
[1.582s] -- Added test 'cpplint' to check C / C++ code against the Google style
[1.582s] -- Configured cpplint exclude dirs and/or files: 
[1.583s] -- Added test 'flake8' to check Python code syntax and style conventions
[1.584s] -- Added test 'lint_cmake' to check CMake code style
[1.585s] -- Added test 'pep257' to check Python code against some of the style conventions in PEP 257
[1.588s] -- Added test 'uncrustify' to check C / C++ code style
[1.588s] -- Configured uncrustify additional arguments: 
[1.588s] -- Added test 'xmllint' to check XML markup files
[1.592s] -- Configuring done
[1.625s] -- Generating done
[1.628s] -- Build files have been written to: /home/ruize/dev_ws/build/ros2_env
[1.663s] [35m[1mScanning dependencies of target WavefieldVisualPlugin[0m
[1.663s] [35m[1mScanning dependencies of target WavefieldModelPlugin[0m
[1.687s] [ 25%] [32mBuilding CXX object CMakeFiles/WavefieldModelPlugin.dir/plugins/WavefieldModelPlugin.cc.o[0m
[1.693s] [ 50%] [32mBuilding CXX object CMakeFiles/WavefieldVisualPlugin.dir/plugins/WavefieldVisualPlugin.cc.o[0m
[10.941s] [ 75%] [32m[1mLinking CXX shared library libWavefieldModelPlugin.so[0m
[11.231s] [ 75%] Built target WavefieldModelPlugin
[14.679s] [100%] [32m[1mLinking CXX shared library libWavefieldVisualPlugin.so[0m
[14.920s] [100%] Built target WavefieldVisualPlugin
[14.932s] Invoked command in '/home/ruize/dev_ws/build/ros2_env' returned '0': CMAKE_PREFIX_PATH=${CMAKE_PREFIX_PATH}:/opt/ros/foxy /usr/bin/cmake --build /home/ruize/dev_ws/build/ros2_env -- -j4 -l4
[14.967s] Invoking command in '/home/ruize/dev_ws/build/ros2_env': CMAKE_PREFIX_PATH=${CMAKE_PREFIX_PATH}:/opt/ros/foxy /usr/bin/cmake --install /home/ruize/dev_ws/build/ros2_env
[14.975s] -- Install configuration: ""
[14.975s] -- Installing: /home/ruize/dev_ws/install/ros2_env/lib/libWavefieldModelPlugin.so
[14.975s] -- Set runtime path of "/home/ruize/dev_ws/install/ros2_env/lib/libWavefieldModelPlugin.so" to ""
[14.975s] -- Installing: /home/ruize/dev_ws/install/ros2_env/lib/libWavefieldVisualPlugin.so
[14.977s] -- Set runtime path of "/home/ruize/dev_ws/install/ros2_env/lib/libWavefieldVisualPlugin.so" to ""
[14.977s] -- Up-to-date: /home/ruize/dev_ws/install/ros2_env/share/ros2_env/models
[14.977s] -- Up-to-date: /home/ruize/dev_ws/install/ros2_env/share/ros2_env/models/ocean_waves
[14.977s] -- Up-to-date: /home/ruize/dev_ws/install/ros2_env/share/ros2_env/models/ocean_waves/meshes
[14.977s] -- Up-to-date: /home/ruize/dev_ws/install/ros2_env/share/ros2_env/models/ocean_waves/meshes/mesh.dae
[14.977s] -- Up-to-date: /home/ruize/dev_ws/install/ros2_env/share/ros2_env/models/ocean_waves/meshes/mesh_below.dae
[14.978s] -- Up-to-date: /home/ruize/dev_ws/install/ros2_env/share/ros2_env/models/ocean_waves/meshes/mesh.blend
[14.978s] -- Up-to-date: /home/ruize/dev_ws/install/ros2_env/share/ros2_env/models/ocean_waves/model.xacro.erb
[14.978s] -- Up-to-date: /home/ruize/dev_ws/install/ros2_env/share/ros2_env/models/ocean_waves/model.xacro
[14.978s] -- Up-to-date: /home/ruize/dev_ws/install/ros2_env/share/ros2_env/models/ocean_waves/model.config
[14.978s] -- Up-to-date: /home/ruize/dev_ws/install/ros2_env/share/ros2_env/models/ocean_waves/materials
[14.978s] -- Up-to-date: /home/ruize/dev_ws/install/ros2_env/share/ros2_env/models/ocean_waves/materials/programs
[14.978s] -- Up-to-date: /home/ruize/dev_ws/install/ros2_env/share/ros2_env/models/ocean_waves/materials/programs/GerstnerWaves.frag
[14.979s] -- Up-to-date: /home/ruize/dev_ws/install/ros2_env/share/ros2_env/models/ocean_waves/materials/programs/GerstnerWaves.vert
[14.980s] -- Up-to-date: /home/ruize/dev_ws/install/ros2_env/share/ros2_env/models/ocean_waves/materials/scripts
[14.980s] -- Up-to-date: /home/ruize/dev_ws/install/ros2_env/share/ros2_env/models/ocean_waves/materials/scripts/waves.material
[14.980s] -- Up-to-date: /home/ruize/dev_ws/install/ros2_env/share/ros2_env/models/ocean_waves/materials/textures
[14.981s] -- Up-to-date: /home/ruize/dev_ws/install/ros2_env/share/ros2_env/models/ocean_waves/materials/textures/clouds_rt.jpg
[14.981s] -- Up-to-date: /home/ruize/dev_ws/install/ros2_env/share/ros2_env/models/ocean_waves/materials/textures/clouds_dn.jpg
[14.981s] -- Up-to-date: /home/ruize/dev_ws/install/ros2_env/share/ros2_env/models/ocean_waves/materials/textures/clouds_bk.jpg
[14.981s] -- Up-to-date: /home/ruize/dev_ws/install/ros2_env/share/ros2_env/models/ocean_waves/materials/textures/clouds_up.jpg
[14.981s] -- Up-to-date: /home/ruize/dev_ws/install/ros2_env/share/ros2_env/models/ocean_waves/materials/textures/clouds_fr.jpg
[14.981s] -- Up-to-date: /home/ruize/dev_ws/install/ros2_env/share/ros2_env/models/ocean_waves/materials/textures/clouds.jpg
[14.981s] -- Up-to-date: /home/ruize/dev_ws/install/ros2_env/share/ros2_env/models/ocean_waves/materials/textures/wave_normals.dds
[14.981s] -- Up-to-date: /home/ruize/dev_ws/install/ros2_env/share/ros2_env/models/ocean_waves/materials/textures/clouds_lf.jpg
[14.981s] -- Up-to-date: /home/ruize/dev_ws/install/ros2_env/share/ros2_env/models/sandisland
[14.981s] -- Up-to-date: /home/ruize/dev_ws/install/ros2_env/share/ros2_env/models/sandisland/meshes
[14.981s] -- Up-to-date: /home/ruize/dev_ws/install/ros2_env/share/ros2_env/models/sandisland/meshes/sandisland.dae
[14.981s] -- Up-to-date: /home/ruize/dev_ws/install/ros2_env/share/ros2_env/models/sandisland/model.sdf
[14.981s] -- Up-to-date: /home/ruize/dev_ws/install/ros2_env/share/ros2_env/models/sandisland/heightmap.png
[14.981s] -- Up-to-date: /home/ruize/dev_ws/install/ros2_env/share/ros2_env/models/sandisland/model.config
[14.981s] -- Up-to-date: /home/ruize/dev_ws/install/ros2_env/share/ros2_env/models/sandisland/materials
[14.981s] -- Up-to-date: /home/ruize/dev_ws/install/ros2_env/share/ros2_env/models/sandisland/materials/textures
[14.982s] -- Up-to-date: /home/ruize/dev_ws/install/ros2_env/share/ros2_env/models/sandisland/materials/textures/sandisland.png
[14.982s] -- Up-to-date: /home/ruize/dev_ws/install/ros2_env/share/ros2_env/worlds
[14.982s] -- Up-to-date: /home/ruize/dev_ws/install/ros2_env/share/ros2_env/worlds/ocean_waves.xacro
[14.982s] -- Up-to-date: /home/ruize/dev_ws/install/ros2_env/share/ros2_env/worlds/example_course.world.xacro
[14.982s] -- Up-to-date: /home/ruize/dev_ws/install/ros2_env/share/ros2_env/worlds/my_world.world
[14.982s] -- Up-to-date: /home/ruize/dev_ws/install/ros2_env/share/ros2_env/worlds/sandisland.xacro
[14.982s] -- Up-to-date: /home/ruize/dev_ws/install/ros2_env/share/ros2_env/launch
[14.982s] -- Up-to-date: /home/ruize/dev_ws/install/ros2_env/share/ros2_env/launch/ros2_env_launch.py
[14.983s] -- Up-to-date: /home/ruize/dev_ws/install/ros2_env/share/ament_index/resource_index/package_run_dependencies/ros2_env
[14.983s] -- Up-to-date: /home/ruize/dev_ws/install/ros2_env/share/ament_index/resource_index/parent_prefix_path/ros2_env
[14.983s] -- Up-to-date: /home/ruize/dev_ws/install/ros2_env/share/ros2_env/environment/ament_prefix_path.sh
[14.983s] -- Installing: /home/ruize/dev_ws/install/ros2_env/share/ros2_env/environment/ament_prefix_path.dsv
[14.983s] -- Up-to-date: /home/ruize/dev_ws/install/ros2_env/share/ros2_env/environment/path.sh
[14.983s] -- Installing: /home/ruize/dev_ws/install/ros2_env/share/ros2_env/environment/path.dsv
[14.983s] -- Up-to-date: /home/ruize/dev_ws/install/ros2_env/share/ros2_env/local_setup.bash
[14.983s] -- Installing: /home/ruize/dev_ws/install/ros2_env/share/ros2_env/local_setup.sh
[14.983s] -- Up-to-date: /home/ruize/dev_ws/install/ros2_env/share/ros2_env/local_setup.zsh
[14.983s] -- Installing: /home/ruize/dev_ws/install/ros2_env/share/ros2_env/local_setup.dsv
[14.984s] -- Installing: /home/ruize/dev_ws/install/ros2_env/share/ros2_env/package.dsv
[14.984s] -- Up-to-date: /home/ruize/dev_ws/install/ros2_env/share/ament_index/resource_index/packages/ros2_env
[14.984s] -- Installing: /home/ruize/dev_ws/install/ros2_env/share/ros2_env/cmake/ros2_envConfig.cmake
[14.984s] -- Up-to-date: /home/ruize/dev_ws/install/ros2_env/share/ros2_env/cmake/ros2_envConfig-version.cmake
[14.984s] -- Up-to-date: /home/ruize/dev_ws/install/ros2_env/share/ros2_env/package.xml
[14.984s] Invoked command in '/home/ruize/dev_ws/build/ros2_env' returned '0': CMAKE_PREFIX_PATH=${CMAKE_PREFIX_PATH}:/opt/ros/foxy /usr/bin/cmake --install /home/ruize/dev_ws/build/ros2_env
