[0.024s] Invoking command in '/home/ruize/dev_ws/build/ros2_env': CMAKE_PREFIX_PATH=${CMAKE_PREFIX_PATH}:/opt/ros/foxy /usr/bin/cmake /home/ruize/dev_ws/src/ros2_env -DCMAKE_INSTALL_PREFIX=/home/ruize/dev_ws/install/ros2_env
[0.208s] -- The C compiler identification is GNU 9.3.0
[0.361s] -- The CXX compiler identification is GNU 9.3.0
[0.372s] -- Check for working C compiler: /usr/bin/cc
[0.426s] -- Check for working C compiler: /usr/bin/cc -- works
[0.428s] -- Detecting C compiler ABI info
[0.486s] -- Detecting C compiler ABI info - done
[0.497s] -- Detecting C compile features
[0.498s] -- Detecting C compile features - done
[0.503s] -- Check for working CXX compiler: /usr/bin/c++
[0.565s] -- Check for working CXX compiler: /usr/bin/c++ -- works
[0.566s] -- Detecting CXX compiler ABI info
[0.637s] -- Detecting CXX compiler ABI info - done
[0.647s] -- Detecting CXX compile features
[0.647s] -- Detecting CXX compile features - done
[0.651s] -- Found ament_cmake: 0.9.8 (/opt/ros/foxy/share/ament_cmake/cmake)
[0.679s] -- Found PythonInterp: /usr/bin/python3 (found suitable version "3.8.5", minimum required is "3") 
[0.679s] -- Using PYTHON_EXECUTABLE: /usr/bin/python3
[0.866s] -- Found rclcpp: 2.3.0 (/opt/ros/foxy/share/rclcpp/cmake)
[0.926s] -- Using all available rosidl_typesupport_c: rosidl_typesupport_fastrtps_c;rosidl_typesupport_introspection_c
[0.936s] -- Found rosidl_adapter: 1.2.0 (/opt/ros/foxy/share/rosidl_adapter/cmake)
[1.014s] -- Found OpenSSL: /usr/lib/x86_64-linux-gnu/libcrypto.so (found version "1.1.1f")  
[1.042s] -- Found FastRTPS: /opt/ros/foxy/include  
[1.120s] -- Using all available rosidl_typesupport_cpp: rosidl_typesupport_fastrtps_cpp;rosidl_typesupport_introspection_cpp
[1.200s] -- Found rmw_implementation_cmake: 1.0.2 (/opt/ros/foxy/share/rmw_implementation_cmake/cmake)
[1.203s] -- Using RMW implementation 'rmw_fastrtps_cpp' as default
[1.205s] -- Looking for pthread.h
[1.280s] -- Looking for pthread.h - found
[1.280s] -- Performing Test CMAKE_HAVE_LIBC_PTHREAD
[1.337s] -- Performing Test CMAKE_HAVE_LIBC_PTHREAD - Failed
[1.337s] -- Looking for pthread_create in pthreads
[1.388s] -- Looking for pthread_create in pthreads - not found
[1.388s] -- Looking for pthread_create in pthread
[1.446s] -- Looking for pthread_create in pthread - found
[1.446s] -- Found Threads: TRUE  
[1.602s] -- Found rclpy: 1.0.5 (/opt/ros/foxy/share/rclpy/cmake)
[1.611s] CMake Error at CMakeLists.txt:22 (find_package):
[1.611s]   By not providing "Findgazebo_dev.cmake" in CMAKE_MODULE_PATH this project
[1.611s]   has asked CMake to find a package configuration file provided by
[1.611s]   "gazebo_dev", but CMake did not find one.
[1.611s] 
[1.611s]   Could not find a package configuration file provided by "gazebo_dev" with
[1.611s]   any of the following names:
[1.611s] 
[1.611s]     gazebo_devConfig.cmake
[1.611s]     gazebo_dev-config.cmake
[1.611s] 
[1.611s]   Add the installation prefix of "gazebo_dev" to CMAKE_PREFIX_PATH or set
[1.611s]   "gazebo_dev_DIR" to a directory containing one of the above files.  If
[1.612s]   "gazebo_dev" provides a separate development package or SDK, be sure it has
[1.612s]   been installed.
[1.612s] 
[1.612s] 
[1.621s] -- Configuring incomplete, errors occurred!
[1.621s] See also "/home/ruize/dev_ws/build/ros2_env/CMakeFiles/CMakeOutput.log".
[1.621s] See also "/home/ruize/dev_ws/build/ros2_env/CMakeFiles/CMakeError.log".
[1.621s] Invoked command in '/home/ruize/dev_ws/build/ros2_env' returned '1': CMAKE_PREFIX_PATH=${CMAKE_PREFIX_PATH}:/opt/ros/foxy /usr/bin/cmake /home/ruize/dev_ws/src/ros2_env -DCMAKE_INSTALL_PREFIX=/home/ruize/dev_ws/install/ros2_env
