[0.256s] DEBUG:colcon:Command line arguments: ['/usr/bin/colcon', 'build']
[0.256s] DEBUG:colcon:Parsed command line arguments: Namespace(ament_cmake_args=None, base_paths=['.'], build_base='build', catkin_cmake_args=None, catkin_skip_building_tests=False, cmake_args=None, cmake_clean_cache=False, cmake_clean_first=False, cmake_force_configure=False, cmake_target=None, cmake_target_skip_unavailable=False, continue_on_error=False, event_handlers=None, executor='parallel', ignore_user_meta=False, install_base='install', log_base=None, log_level=None, main=<bound method BuildVerb.main of <colcon_core.verb.build.BuildVerb object at 0x7f7e62300a30>>, merge_install=False, metas=['./colcon.meta'], packages_above=None, packages_above_and_dependencies=None, packages_above_depth=None, packages_end=None, packages_ignore=None, packages_ignore_regex=None, packages_select=None, packages_select_build_failed=False, packages_select_by_dep=None, packages_select_regex=None, packages_select_test_failures=False, packages_skip=None, packages_skip_build_finished=False, packages_skip_by_dep=None, packages_skip_regex=None, packages_skip_test_passed=False, packages_skip_up_to=None, packages_start=None, packages_up_to=None, packages_up_to_regex=None, parallel_workers=4, paths=None, symlink_install=False, test_result_base=None, verb_extension=<colcon_core.verb.build.BuildVerb object at 0x7f7e62300a30>, verb_name='build', verb_parser=<colcon_defaults.argument_parser.defaults.DefaultArgumentsDecorator object at 0x7f7e62300fa0>)
[0.268s] Level 1:colcon.colcon_core.package_discovery:discover_packages(colcon_meta) check parameters
[0.268s] Level 1:colcon.colcon_core.package_discovery:discover_packages(recursive) check parameters
[0.268s] Level 1:colcon.colcon_core.package_discovery:discover_packages(ignore) check parameters
[0.268s] Level 1:colcon.colcon_core.package_discovery:discover_packages(path) check parameters
[0.268s] Level 1:colcon.colcon_core.package_discovery:discover_packages(colcon_meta) discover
[0.268s] Level 1:colcon.colcon_core.package_discovery:discover_packages(recursive) discover
[0.268s] INFO:colcon.colcon_core.package_discovery:Crawling recursively for packages in '/home/ruize/dev_ws'
[0.268s] Level 1:colcon.colcon_core.package_identification:_identify(.) by extensions ['ignore', 'ignore_ament_install']
[0.268s] Level 1:colcon.colcon_core.package_identification:_identify(.) by extension 'ignore'
[0.268s] Level 1:colcon.colcon_core.package_identification:_identify(.) by extension 'ignore_ament_install'
[0.268s] Level 1:colcon.colcon_core.package_identification:_identify(.) by extensions ['colcon_pkg']
[0.268s] Level 1:colcon.colcon_core.package_identification:_identify(.) by extension 'colcon_pkg'
[0.268s] Level 1:colcon.colcon_core.package_identification:_identify(.) by extensions ['colcon_meta']
[0.268s] Level 1:colcon.colcon_core.package_identification:_identify(.) by extension 'colcon_meta'
[0.268s] Level 1:colcon.colcon_core.package_identification:_identify(.) by extensions ['ros']
[0.268s] Level 1:colcon.colcon_core.package_identification:_identify(.) by extension 'ros'
[0.279s] Level 1:colcon.colcon_core.package_identification:_identify(.) by extensions ['cmake', 'python']
[0.279s] Level 1:colcon.colcon_core.package_identification:_identify(.) by extension 'cmake'
[0.279s] Level 1:colcon.colcon_core.package_identification:_identify(.) by extension 'python'
[0.279s] Level 1:colcon.colcon_core.package_identification:_identify(.) by extensions ['python_setup_py']
[0.279s] Level 1:colcon.colcon_core.package_identification:_identify(.) by extension 'python_setup_py'
[0.279s] Level 1:colcon.colcon_core.package_identification:_identify(build) by extensions ['ignore', 'ignore_ament_install']
[0.279s] Level 1:colcon.colcon_core.package_identification:_identify(build) by extension 'ignore'
[0.279s] Level 1:colcon.colcon_core.package_identification:_identify(build) ignored
[0.279s] Level 1:colcon.colcon_core.package_identification:_identify(install) by extensions ['ignore', 'ignore_ament_install']
[0.279s] Level 1:colcon.colcon_core.package_identification:_identify(install) by extension 'ignore'
[0.279s] Level 1:colcon.colcon_core.package_identification:_identify(install) ignored
[0.279s] Level 1:colcon.colcon_core.package_identification:_identify(log) by extensions ['ignore', 'ignore_ament_install']
[0.279s] Level 1:colcon.colcon_core.package_identification:_identify(log) by extension 'ignore'
[0.279s] Level 1:colcon.colcon_core.package_identification:_identify(log) ignored
[0.279s] Level 1:colcon.colcon_core.package_identification:_identify(src) by extensions ['ignore', 'ignore_ament_install']
[0.280s] Level 1:colcon.colcon_core.package_identification:_identify(src) by extension 'ignore'
[0.280s] Level 1:colcon.colcon_core.package_identification:_identify(src) by extension 'ignore_ament_install'
[0.280s] Level 1:colcon.colcon_core.package_identification:_identify(src) by extensions ['colcon_pkg']
[0.280s] Level 1:colcon.colcon_core.package_identification:_identify(src) by extension 'colcon_pkg'
[0.280s] Level 1:colcon.colcon_core.package_identification:_identify(src) by extensions ['colcon_meta']
[0.280s] Level 1:colcon.colcon_core.package_identification:_identify(src) by extension 'colcon_meta'
[0.280s] Level 1:colcon.colcon_core.package_identification:_identify(src) by extensions ['ros']
[0.280s] Level 1:colcon.colcon_core.package_identification:_identify(src) by extension 'ros'
[0.280s] Level 1:colcon.colcon_core.package_identification:_identify(src) by extensions ['cmake', 'python']
[0.280s] Level 1:colcon.colcon_core.package_identification:_identify(src) by extension 'cmake'
[0.280s] Level 1:colcon.colcon_core.package_identification:_identify(src) by extension 'python'
[0.280s] Level 1:colcon.colcon_core.package_identification:_identify(src) by extensions ['python_setup_py']
[0.280s] Level 1:colcon.colcon_core.package_identification:_identify(src) by extension 'python_setup_py'
[0.280s] Level 1:colcon.colcon_core.package_identification:_identify(src/ros2_env) by extensions ['ignore', 'ignore_ament_install']
[0.280s] Level 1:colcon.colcon_core.package_identification:_identify(src/ros2_env) by extension 'ignore'
[0.280s] Level 1:colcon.colcon_core.package_identification:_identify(src/ros2_env) by extension 'ignore_ament_install'
[0.280s] Level 1:colcon.colcon_core.package_identification:_identify(src/ros2_env) by extensions ['colcon_pkg']
[0.280s] Level 1:colcon.colcon_core.package_identification:_identify(src/ros2_env) by extension 'colcon_pkg'
[0.280s] Level 1:colcon.colcon_core.package_identification:_identify(src/ros2_env) by extensions ['colcon_meta']
[0.280s] Level 1:colcon.colcon_core.package_identification:_identify(src/ros2_env) by extension 'colcon_meta'
[0.280s] Level 1:colcon.colcon_core.package_identification:_identify(src/ros2_env) by extensions ['ros']
[0.280s] Level 1:colcon.colcon_core.package_identification:_identify(src/ros2_env) by extension 'ros'
[0.284s] DEBUG:colcon.colcon_core.package_identification:Package 'src/ros2_env' with type 'ros.ament_cmake' and name 'ros2_env'
[0.284s] Level 1:colcon.colcon_core.package_discovery:discover_packages(recursive) using defaults
[0.284s] Level 1:colcon.colcon_core.package_discovery:discover_packages(ignore) discover
[0.284s] Level 1:colcon.colcon_core.package_discovery:discover_packages(ignore) using defaults
[0.284s] Level 1:colcon.colcon_core.package_discovery:discover_packages(path) discover
[0.284s] Level 1:colcon.colcon_core.package_discovery:discover_packages(path) using defaults
[0.312s] Level 5:colcon.colcon_core.verb:set package 'ros2_env' build argument 'cmake_args' from command line to 'None'
[0.312s] Level 5:colcon.colcon_core.verb:set package 'ros2_env' build argument 'cmake_target' from command line to 'None'
[0.312s] Level 5:colcon.colcon_core.verb:set package 'ros2_env' build argument 'cmake_target_skip_unavailable' from command line to 'False'
[0.312s] Level 5:colcon.colcon_core.verb:set package 'ros2_env' build argument 'cmake_clean_cache' from command line to 'False'
[0.312s] Level 5:colcon.colcon_core.verb:set package 'ros2_env' build argument 'cmake_clean_first' from command line to 'False'
[0.312s] Level 5:colcon.colcon_core.verb:set package 'ros2_env' build argument 'cmake_force_configure' from command line to 'False'
[0.312s] Level 5:colcon.colcon_core.verb:set package 'ros2_env' build argument 'ament_cmake_args' from command line to 'None'
[0.312s] Level 5:colcon.colcon_core.verb:set package 'ros2_env' build argument 'catkin_cmake_args' from command line to 'None'
[0.312s] Level 5:colcon.colcon_core.verb:set package 'ros2_env' build argument 'catkin_skip_building_tests' from command line to 'False'
[0.312s] DEBUG:colcon.colcon_core.verb:Building package 'ros2_env' with the following arguments: {'ament_cmake_args': None, 'build_base': '/home/ruize/dev_ws/build/ros2_env', 'catkin_cmake_args': None, 'catkin_skip_building_tests': False, 'cmake_args': None, 'cmake_clean_cache': False, 'cmake_clean_first': False, 'cmake_force_configure': False, 'cmake_target': None, 'cmake_target_skip_unavailable': False, 'install_base': '/home/ruize/dev_ws/install/ros2_env', 'merge_install': False, 'path': '/home/ruize/dev_ws/src/ros2_env', 'symlink_install': False, 'test_result_base': None}
[0.312s] INFO:colcon.colcon_core.executor:Executing jobs using 'parallel' executor
[0.314s] DEBUG:colcon.colcon_parallel_executor.executor.parallel:run_until_complete
[0.314s] INFO:colcon.colcon_ros.task.ament_cmake.build:Building ROS package in '/home/ruize/dev_ws/src/ros2_env' with build type 'ament_cmake'
[0.314s] INFO:colcon.colcon_cmake.task.cmake.build:Building CMake package in '/home/ruize/dev_ws/src/ros2_env'
[0.322s] INFO:colcon.colcon_core.plugin_system:Skipping extension 'colcon_core.shell.bat': Not used on non-Windows systems
[0.322s] INFO:colcon.colcon_core.shell:Skip shell extension 'powershell' for command environment: Not usable outside of PowerShell
[0.323s] DEBUG:colcon.colcon_core.shell:Skip shell extension 'dsv' for command environment
[0.328s] DEBUG:colcon.colcon_core.shell:Ignoring prefix path '/opt/ros/foxy'
[0.339s] DEBUG:colcon.colcon_core.event_handler.log_command:Invoking command in '/home/ruize/dev_ws/build/ros2_env': CMAKE_PREFIX_PATH=${CMAKE_PREFIX_PATH}:/opt/ros/foxy /usr/bin/cmake --build /home/ruize/dev_ws/build/ros2_env -- -j4 -l4
[15.246s] DEBUG:colcon.colcon_core.event_handler.log_command:Invoked command in '/home/ruize/dev_ws/build/ros2_env' returned '0': CMAKE_PREFIX_PATH=${CMAKE_PREFIX_PATH}:/opt/ros/foxy /usr/bin/cmake --build /home/ruize/dev_ws/build/ros2_env -- -j4 -l4
[15.282s] DEBUG:colcon.colcon_core.event_handler.log_command:Invoking command in '/home/ruize/dev_ws/build/ros2_env': CMAKE_PREFIX_PATH=${CMAKE_PREFIX_PATH}:/opt/ros/foxy /usr/bin/cmake --install /home/ruize/dev_ws/build/ros2_env
[15.297s] Level 1:colcon.colcon_core.environment:create_environment_scripts_only(ros2_env)
[15.298s] DEBUG:colcon.colcon_core.event_handler.log_command:Invoked command in '/home/ruize/dev_ws/build/ros2_env' returned '0': CMAKE_PREFIX_PATH=${CMAKE_PREFIX_PATH}:/opt/ros/foxy /usr/bin/cmake --install /home/ruize/dev_ws/build/ros2_env
[15.309s] Level 1:colcon.colcon_core.environment:checking '/home/ruize/dev_ws/install/ros2_env' for CMake module files
[15.309s] Level 1:colcon.colcon_core.environment:checking '/home/ruize/dev_ws/install/ros2_env' for CMake config files
[15.310s] Level 1:colcon.colcon_core.shell:create_environment_hook('ros2_env', 'cmake_prefix_path')
[15.310s] INFO:colcon.colcon_core.shell:Creating environment hook '/home/ruize/dev_ws/install/ros2_env/share/ros2_env/hook/cmake_prefix_path.ps1'
[15.311s] INFO:colcon.colcon_core.shell:Creating environment descriptor '/home/ruize/dev_ws/install/ros2_env/share/ros2_env/hook/cmake_prefix_path.dsv'
[15.312s] INFO:colcon.colcon_core.shell:Creating environment hook '/home/ruize/dev_ws/install/ros2_env/share/ros2_env/hook/cmake_prefix_path.sh'
[15.313s] Level 1:colcon.colcon_core.environment:checking '/home/ruize/dev_ws/install/ros2_env/lib'
[15.313s] Level 1:colcon.colcon_core.shell:create_environment_hook('ros2_env', 'ld_library_path_lib')
[15.314s] INFO:colcon.colcon_core.shell:Creating environment hook '/home/ruize/dev_ws/install/ros2_env/share/ros2_env/hook/ld_library_path_lib.ps1'
[15.314s] INFO:colcon.colcon_core.shell:Creating environment descriptor '/home/ruize/dev_ws/install/ros2_env/share/ros2_env/hook/ld_library_path_lib.dsv'
[15.314s] INFO:colcon.colcon_core.shell:Creating environment hook '/home/ruize/dev_ws/install/ros2_env/share/ros2_env/hook/ld_library_path_lib.sh'
[15.314s] Level 1:colcon.colcon_core.environment:checking '/home/ruize/dev_ws/install/ros2_env/bin'
[15.315s] Level 1:colcon.colcon_core.environment:checking '/home/ruize/dev_ws/install/ros2_env/lib/pkgconfig/ros2_env.pc'
[15.315s] Level 1:colcon.colcon_core.environment:checking '/home/ruize/dev_ws/install/ros2_env/lib/python3.8/site-packages'
[15.315s] INFO:colcon.colcon_core.shell:Creating package script '/home/ruize/dev_ws/install/ros2_env/share/ros2_env/package.ps1'
[15.316s] INFO:colcon.colcon_core.shell:Creating package descriptor '/home/ruize/dev_ws/install/ros2_env/share/ros2_env/package.dsv'
[15.317s] INFO:colcon.colcon_core.shell:Creating package script '/home/ruize/dev_ws/install/ros2_env/share/ros2_env/package.sh'
[15.318s] INFO:colcon.colcon_core.shell:Creating package script '/home/ruize/dev_ws/install/ros2_env/share/ros2_env/package.bash'
[15.319s] INFO:colcon.colcon_core.shell:Creating package script '/home/ruize/dev_ws/install/ros2_env/share/ros2_env/package.zsh'
[15.320s] Level 1:colcon.colcon_core.environment:create_file_with_runtime_dependencies(/home/ruize/dev_ws/install/ros2_env/share/colcon-core/packages/ros2_env)
[15.346s] Level 1:colcon.colcon_core.environment:create_environment_scripts_only(ros2_env)
[15.347s] Level 1:colcon.colcon_core.environment:checking '/home/ruize/dev_ws/install/ros2_env' for CMake module files
[15.348s] Level 1:colcon.colcon_core.environment:checking '/home/ruize/dev_ws/install/ros2_env' for CMake config files
[15.348s] Level 1:colcon.colcon_core.shell:create_environment_hook('ros2_env', 'cmake_prefix_path')
[15.348s] INFO:colcon.colcon_core.shell:Creating environment hook '/home/ruize/dev_ws/install/ros2_env/share/ros2_env/hook/cmake_prefix_path.ps1'
[15.349s] INFO:colcon.colcon_core.shell:Creating environment descriptor '/home/ruize/dev_ws/install/ros2_env/share/ros2_env/hook/cmake_prefix_path.dsv'
[15.350s] INFO:colcon.colcon_core.shell:Creating environment hook '/home/ruize/dev_ws/install/ros2_env/share/ros2_env/hook/cmake_prefix_path.sh'
[15.351s] Level 1:colcon.colcon_core.environment:checking '/home/ruize/dev_ws/install/ros2_env/lib'
[15.351s] Level 1:colcon.colcon_core.shell:create_environment_hook('ros2_env', 'ld_library_path_lib')
[15.351s] INFO:colcon.colcon_core.shell:Creating environment hook '/home/ruize/dev_ws/install/ros2_env/share/ros2_env/hook/ld_library_path_lib.ps1'
[15.352s] INFO:colcon.colcon_core.shell:Creating environment descriptor '/home/ruize/dev_ws/install/ros2_env/share/ros2_env/hook/ld_library_path_lib.dsv'
[15.352s] INFO:colcon.colcon_core.shell:Creating environment hook '/home/ruize/dev_ws/install/ros2_env/share/ros2_env/hook/ld_library_path_lib.sh'
[15.352s] Level 1:colcon.colcon_core.environment:checking '/home/ruize/dev_ws/install/ros2_env/bin'
[15.352s] Level 1:colcon.colcon_core.environment:checking '/home/ruize/dev_ws/install/ros2_env/lib/pkgconfig/ros2_env.pc'
[15.353s] Level 1:colcon.colcon_core.environment:checking '/home/ruize/dev_ws/install/ros2_env/lib/python3.8/site-packages'
[15.353s] INFO:colcon.colcon_core.shell:Creating package script '/home/ruize/dev_ws/install/ros2_env/share/ros2_env/package.ps1'
[15.354s] INFO:colcon.colcon_core.shell:Creating package descriptor '/home/ruize/dev_ws/install/ros2_env/share/ros2_env/package.dsv'
[15.354s] INFO:colcon.colcon_core.shell:Creating package script '/home/ruize/dev_ws/install/ros2_env/share/ros2_env/package.sh'
[15.355s] INFO:colcon.colcon_core.shell:Creating package script '/home/ruize/dev_ws/install/ros2_env/share/ros2_env/package.bash'
[15.355s] INFO:colcon.colcon_core.shell:Creating package script '/home/ruize/dev_ws/install/ros2_env/share/ros2_env/package.zsh'
[15.356s] Level 1:colcon.colcon_core.environment:create_file_with_runtime_dependencies(/home/ruize/dev_ws/install/ros2_env/share/colcon-core/packages/ros2_env)
[15.356s] DEBUG:colcon.colcon_parallel_executor.executor.parallel:closing loop
[15.356s] DEBUG:colcon.colcon_parallel_executor.executor.parallel:loop closed
[15.357s] DEBUG:colcon.colcon_parallel_executor.executor.parallel:run_until_complete finished with '0'
[15.357s] DEBUG:colcon.colcon_core.event_reactor:joining thread
[15.364s] INFO:colcon.colcon_core.plugin_system:Skipping extension 'colcon_notification.desktop_notification.terminal_notifier': Not used on non-Darwin systems
[15.364s] INFO:colcon.colcon_core.plugin_system:Skipping extension 'colcon_notification.desktop_notification.win32': Not used on non-Windows systems
[15.364s] INFO:colcon.colcon_notification.desktop_notification:Sending desktop notification using 'notify2'
[15.380s] DEBUG:colcon.colcon_core.event_reactor:joined thread
[15.381s] INFO:colcon.colcon_core.shell:Creating prefix script '/home/ruize/dev_ws/install/local_setup.ps1'
[15.382s] INFO:colcon.colcon_core.shell:Creating prefix util module '/home/ruize/dev_ws/install/_local_setup_util_ps1.py'
[15.384s] INFO:colcon.colcon_core.shell:Creating prefix chain script '/home/ruize/dev_ws/install/setup.ps1'
[15.387s] INFO:colcon.colcon_core.shell:Creating prefix script '/home/ruize/dev_ws/install/local_setup.sh'
[15.392s] INFO:colcon.colcon_core.shell:Creating prefix util module '/home/ruize/dev_ws/install/_local_setup_util_sh.py'
[15.392s] INFO:colcon.colcon_core.shell:Creating prefix chain script '/home/ruize/dev_ws/install/setup.sh'
[15.395s] INFO:colcon.colcon_core.shell:Creating prefix script '/home/ruize/dev_ws/install/local_setup.bash'
[15.396s] INFO:colcon.colcon_core.shell:Creating prefix chain script '/home/ruize/dev_ws/install/setup.bash'
[15.398s] INFO:colcon.colcon_core.shell:Creating prefix script '/home/ruize/dev_ws/install/local_setup.zsh'
[15.399s] INFO:colcon.colcon_core.shell:Creating prefix chain script '/home/ruize/dev_ws/install/setup.zsh'
