-- Found ament_cmake: 0.9.8 (/opt/ros/foxy/share/ament_cmake/cmake)
-- Using PYTHON_EXECUTABLE: /usr/bin/python3
-- Found rclcpp: 2.3.0 (/opt/ros/foxy/share/rclcpp/cmake)
-- Using all available rosidl_typesupport_c: rosidl_typesupport_fastrtps_c;rosidl_typesupport_introspection_c
-- Found rosidl_adapter: 1.2.0 (/opt/ros/foxy/share/rosidl_adapter/cmake)
-- Using all available rosidl_typesupport_cpp: rosidl_typesupport_fastrtps_cpp;rosidl_typesupport_introspection_cpp
-- Found rmw_implementation_cmake: 1.0.2 (/opt/ros/foxy/share/rmw_implementation_cmake/cmake)
-- Using RMW implementation 'rmw_fastrtps_cpp' as default
-- Found rclpy: 1.0.5 (/opt/ros/foxy/share/rclpy/cmake)
-- Found gazebo_ros: 3.5.0 (/opt/ros/foxy/share/gazebo_ros/cmake)
-- Found DART: /usr/include (Required is at least version "6.6") found components: dart 
-- Found Protobuf: /usr/lib/x86_64-linux-gnu/libprotobuf.so;-lpthread (found version "3.6.1") 
-- Looking for ignition-math6 -- found version 6.8.0
-- Searching for dependencies of ignition-math6
-- Looking for OGRE...
-- Found Ogre Ghadamon (1.9.0)
-- Found OGRE: optimized;/usr/lib/x86_64-linux-gnu/libOgreMain.so;debug;/usr/lib/x86_64-linux-gnu/libOgreMain.so
-- Looking for OGRE_Paging...
-- Found OGRE_Paging: optimized;/usr/lib/x86_64-linux-gnu/libOgrePaging.so;debug;/usr/lib/x86_64-linux-gnu/libOgrePaging.so
-- Looking for OGRE_Terrain...
-- Found OGRE_Terrain: optimized;/usr/lib/x86_64-linux-gnu/libOgreTerrain.so;debug;/usr/lib/x86_64-linux-gnu/libOgreTerrain.so
-- Looking for OGRE_Property...
-- Found OGRE_Property: optimized;/usr/lib/x86_64-linux-gnu/libOgreProperty.so;debug;/usr/lib/x86_64-linux-gnu/libOgreProperty.so
-- Looking for OGRE_RTShaderSystem...
-- Found OGRE_RTShaderSystem: optimized;/usr/lib/x86_64-linux-gnu/libOgreRTShaderSystem.so;debug;/usr/lib/x86_64-linux-gnu/libOgreRTShaderSystem.so
-- Looking for OGRE_Volume...
-- Found OGRE_Volume: optimized;/usr/lib/x86_64-linux-gnu/libOgreVolume.so;debug;/usr/lib/x86_64-linux-gnu/libOgreVolume.so
-- Looking for OGRE_Overlay...
-- Found OGRE_Overlay: optimized;/usr/lib/x86_64-linux-gnu/libOgreOverlay.so;debug;/usr/lib/x86_64-linux-gnu/libOgreOverlay.so
-- Looking for ignition-math6 -- found version 6.8.0
-- Looking for ignition-transport8 -- found version 8.2.0
-- Searching for dependencies of ignition-transport8
-- Found Protobuf: /usr/lib/x86_64-linux-gnu/libprotobuf.so;-lpthread (found suitable version "3.6.1", minimum required is "3") 
-- Config-file not installed for ZeroMQ -- checking for pkg-config
-- Checking for module 'libzmq >= 4'
--   Found libzmq , version 4.3.2
-- Checking for module 'uuid'
--   Found uuid, version 2.34.0
-- Looking for ignition-msgs5 -- found version 5.7.0
-- Searching for dependencies of ignition-msgs5
-- Looking for ignition-math6 -- found version 6.8.0
-- Checking for module 'tinyxml2'
--   Found tinyxml2, version 6.2.0
-- Looking for ignition-msgs5 -- found version 5.7.0
-- Looking for ignition-common3 -- found version 3.11.1
-- Searching for dependencies of ignition-common3
-- Looking for dlfcn.h - found
-- Looking for libdl - found
-- Searching for <ignition-common3> component [graphics]
-- Looking for ignition-common3-graphics -- found version 3.11.1
-- Searching for dependencies of ignition-common3-graphics
-- Looking for ignition-math6 -- found version 6.8.0
-- Looking for ignition-fuel_tools4 -- found version 4.3.0
-- Searching for dependencies of ignition-fuel_tools4
-- Checking for module 'jsoncpp'
--   Found jsoncpp, version 1.7.4
-- Checking for module 'libzip'
--   Found libzip, version 1.5.1
-- Looking for ignition-common3 -- found version 3.11.1
-- Looking for ignition-msgs5 -- found version 5.7.0
-- Gazebo version: 11.3
-- Found gazebo_plugins: 3.5.0 (/opt/ros/foxy/share/gazebo_plugins/cmake)
-- Found ament_lint_auto: 0.9.6 (/opt/ros/foxy/share/ament_lint_auto/cmake)
-- Added test 'copyright' to check source files copyright and LICENSE
-- Added test 'cppcheck' to perform static code analysis on C / C++ code
-- Configured cppcheck include dirs: /home/ruize/dev_ws/src/ros2_env/include
-- Configured cppcheck exclude dirs and/or files: 
-- Added test 'cpplint' to check C / C++ code against the Google style
-- Configured cpplint exclude dirs and/or files: 
-- Added test 'flake8' to check Python code syntax and style conventions
-- Added test 'lint_cmake' to check CMake code style
-- Added test 'pep257' to check Python code against some of the style conventions in PEP 257
-- Added test 'uncrustify' to check C / C++ code style
-- Configured uncrustify additional arguments: 
-- Added test 'xmllint' to check XML markup files
-- Configuring done
-- Generating done
-- Build files have been written to: /home/ruize/dev_ws/build/ros2_env
[35m[1mScanning dependencies of target WavefieldVisualPlugin[0m
[ 50%] Built target WavefieldModelPlugin
[ 75%] [32mBuilding CXX object CMakeFiles/WavefieldVisualPlugin.dir/plugins/WavefieldVisualPlugin.cc.o[0m
In file included from [01m[K/home/ruize/dev_ws/src/ros2_env/plugins/WavefieldVisualPlugin.cc:43[m[K:
[01m[K/home/ruize/dev_ws/src/ros2_env/include/ros2_env/Gazebo.hh:47:4:[m[K [01;35m[Kwarning: [m[Kextra ‘[01m[K;[m[K’ [[01;35m[K-Wpedantic[m[K]
   47 |   }[01;35m[K;[m[K
      |    [01;35m[K^[m[K
[100%] [32m[1mLinking CXX shared library libWavefieldVisualPlugin.so[0m
[100%] Built target WavefieldVisualPlugin
-- Install configuration: ""
-- Up-to-date: /home/ruize/dev_ws/install/ros2_env/share/ros2_env/environment/library_path.sh
-- Installing: /home/ruize/dev_ws/install/ros2_env/share/ros2_env/environment/library_path.dsv
-- Up-to-date: /home/ruize/dev_ws/install/ros2_env/share/ros2_env/models
-- Up-to-date: /home/ruize/dev_ws/install/ros2_env/share/ros2_env/models/ocean_waves
-- Up-to-date: /home/ruize/dev_ws/install/ros2_env/share/ros2_env/models/ocean_waves/meshes
-- Up-to-date: /home/ruize/dev_ws/install/ros2_env/share/ros2_env/models/ocean_waves/meshes/mesh.dae
-- Up-to-date: /home/ruize/dev_ws/install/ros2_env/share/ros2_env/models/ocean_waves/meshes/mesh_below.dae
-- Up-to-date: /home/ruize/dev_ws/install/ros2_env/share/ros2_env/models/ocean_waves/meshes/mesh.blend
-- Up-to-date: /home/ruize/dev_ws/install/ros2_env/share/ros2_env/models/ocean_waves/model.xacro.erb
-- Up-to-date: /home/ruize/dev_ws/install/ros2_env/share/ros2_env/models/ocean_waves/model.xacro
-- Up-to-date: /home/ruize/dev_ws/install/ros2_env/share/ros2_env/models/ocean_waves/model.config
-- Up-to-date: /home/ruize/dev_ws/install/ros2_env/share/ros2_env/models/ocean_waves/materials
-- Up-to-date: /home/ruize/dev_ws/install/ros2_env/share/ros2_env/models/ocean_waves/materials/programs
-- Up-to-date: /home/ruize/dev_ws/install/ros2_env/share/ros2_env/models/ocean_waves/materials/programs/GerstnerWaves.frag
-- Up-to-date: /home/ruize/dev_ws/install/ros2_env/share/ros2_env/models/ocean_waves/materials/programs/GerstnerWaves.vert
-- Up-to-date: /home/ruize/dev_ws/install/ros2_env/share/ros2_env/models/ocean_waves/materials/scripts
-- Up-to-date: /home/ruize/dev_ws/install/ros2_env/share/ros2_env/models/ocean_waves/materials/scripts/waves.material
-- Up-to-date: /home/ruize/dev_ws/install/ros2_env/share/ros2_env/models/ocean_waves/materials/textures
-- Up-to-date: /home/ruize/dev_ws/install/ros2_env/share/ros2_env/models/ocean_waves/materials/textures/clouds_rt.jpg
-- Up-to-date: /home/ruize/dev_ws/install/ros2_env/share/ros2_env/models/ocean_waves/materials/textures/clouds_dn.jpg
-- Up-to-date: /home/ruize/dev_ws/install/ros2_env/share/ros2_env/models/ocean_waves/materials/textures/clouds_bk.jpg
-- Up-to-date: /home/ruize/dev_ws/install/ros2_env/share/ros2_env/models/ocean_waves/materials/textures/clouds_up.jpg
-- Up-to-date: /home/ruize/dev_ws/install/ros2_env/share/ros2_env/models/ocean_waves/materials/textures/clouds_fr.jpg
-- Up-to-date: /home/ruize/dev_ws/install/ros2_env/share/ros2_env/models/ocean_waves/materials/textures/clouds.jpg
-- Up-to-date: /home/ruize/dev_ws/install/ros2_env/share/ros2_env/models/ocean_waves/materials/textures/wave_normals.dds
-- Up-to-date: /home/ruize/dev_ws/install/ros2_env/share/ros2_env/models/ocean_waves/materials/textures/clouds_lf.jpg
-- Up-to-date: /home/ruize/dev_ws/install/ros2_env/share/ros2_env/models/sandisland
-- Up-to-date: /home/ruize/dev_ws/install/ros2_env/share/ros2_env/models/sandisland/meshes
-- Up-to-date: /home/ruize/dev_ws/install/ros2_env/share/ros2_env/models/sandisland/meshes/sandisland.dae
-- Up-to-date: /home/ruize/dev_ws/install/ros2_env/share/ros2_env/models/sandisland/model.sdf
-- Up-to-date: /home/ruize/dev_ws/install/ros2_env/share/ros2_env/models/sandisland/heightmap.png
-- Up-to-date: /home/ruize/dev_ws/install/ros2_env/share/ros2_env/models/sandisland/model.config
-- Up-to-date: /home/ruize/dev_ws/install/ros2_env/share/ros2_env/models/sandisland/materials
-- Up-to-date: /home/ruize/dev_ws/install/ros2_env/share/ros2_env/models/sandisland/materials/textures
-- Up-to-date: /home/ruize/dev_ws/install/ros2_env/share/ros2_env/models/sandisland/materials/textures/sandisland.png
-- Up-to-date: /home/ruize/dev_ws/install/ros2_env/share/ros2_env/worlds
-- Installing: /home/ruize/dev_ws/install/ros2_env/share/ros2_env/worlds/ocean_waves.xacro
-- Up-to-date: /home/ruize/dev_ws/install/ros2_env/share/ros2_env/worlds/example_course.world.xacro
-- Up-to-date: /home/ruize/dev_ws/install/ros2_env/share/ros2_env/worlds/my_world.world
-- Up-to-date: /home/ruize/dev_ws/install/ros2_env/share/ros2_env/worlds/sandisland.xacro
-- Up-to-date: /home/ruize/dev_ws/install/ros2_env/share/ros2_env/launch
-- Up-to-date: /home/ruize/dev_ws/install/ros2_env/share/ros2_env/launch/ros2_env_launch.py
-- Up-to-date: /home/ruize/dev_ws/install/ros2_env/share/ament_index/resource_index/package_run_dependencies/ros2_env
-- Up-to-date: /home/ruize/dev_ws/install/ros2_env/share/ament_index/resource_index/parent_prefix_path/ros2_env
-- Up-to-date: /home/ruize/dev_ws/install/ros2_env/share/ros2_env/environment/ament_prefix_path.sh
-- Installing: /home/ruize/dev_ws/install/ros2_env/share/ros2_env/environment/ament_prefix_path.dsv
-- Up-to-date: /home/ruize/dev_ws/install/ros2_env/share/ros2_env/environment/path.sh
-- Installing: /home/ruize/dev_ws/install/ros2_env/share/ros2_env/environment/path.dsv
-- Up-to-date: /home/ruize/dev_ws/install/ros2_env/share/ros2_env/local_setup.bash
-- Up-to-date: /home/ruize/dev_ws/install/ros2_env/share/ros2_env/local_setup.sh
-- Up-to-date: /home/ruize/dev_ws/install/ros2_env/share/ros2_env/local_setup.zsh
-- Installing: /home/ruize/dev_ws/install/ros2_env/share/ros2_env/local_setup.dsv
-- Installing: /home/ruize/dev_ws/install/ros2_env/share/ros2_env/package.dsv
-- Up-to-date: /home/ruize/dev_ws/install/ros2_env/share/ament_index/resource_index/packages/ros2_env
-- Installing: /home/ruize/dev_ws/install/ros2_env/share/ros2_env/cmake/ament_cmake_export_libraries-extras.cmake
-- Up-to-date: /home/ruize/dev_ws/install/ros2_env/share/ros2_env/cmake/ros2_envConfig.cmake
-- Up-to-date: /home/ruize/dev_ws/install/ros2_env/share/ros2_env/cmake/ros2_envConfig-version.cmake
-- Up-to-date: /home/ruize/dev_ws/install/ros2_env/share/ros2_env/package.xml
