[0.019s] Invoking command in '/home/ruize/dev_ws/build/ros2_env': CMAKE_PREFIX_PATH=${CMAKE_PREFIX_PATH}:/opt/ros/foxy /usr/bin/cmake --build /home/ruize/dev_ws/build/ros2_env -- -j4 -l4
[0.047s] -- Found ament_cmake: 0.9.8 (/opt/ros/foxy/share/ament_cmake/cmake)
[0.063s] -- Using PYTHON_EXECUTABLE: /usr/bin/python3
[0.210s] -- Found rclcpp: 2.3.0 (/opt/ros/foxy/share/rclcpp/cmake)
[0.241s] -- Using all available rosidl_typesupport_c: rosidl_typesupport_fastrtps_c;rosidl_typesupport_introspection_c
[0.245s] -- Found rosidl_adapter: 1.2.0 (/opt/ros/foxy/share/rosidl_adapter/cmake)
[0.360s] -- Using all available rosidl_typesupport_cpp: rosidl_typesupport_fastrtps_cpp;rosidl_typesupport_introspection_cpp
[0.397s] -- Found rmw_implementation_cmake: 1.0.2 (/opt/ros/foxy/share/rmw_implementation_cmake/cmake)
[0.399s] -- Using RMW implementation 'rmw_fastrtps_cpp' as default
[0.517s] -- Found rclpy: 1.0.5 (/opt/ros/foxy/share/rclpy/cmake)
[0.519s] -- Found gazebo_ros: 3.5.0 (/opt/ros/foxy/share/gazebo_ros/cmake)
[0.564s] -- Found DART: /usr/include (Required is at least version "6.6") found components: dart 
[0.591s] -- Found Protobuf: /usr/lib/x86_64-linux-gnu/libprotobuf.so;-lpthread (found version "3.6.1") 
[0.593s] -- Looking for ignition-math6 -- found version 6.8.0
[0.597s] -- Searching for dependencies of ignition-math6
[0.599s] -- Looking for OGRE...
[0.603s] -- Found Ogre Ghadamon (1.9.0)
[0.604s] -- Found OGRE: optimized;/usr/lib/x86_64-linux-gnu/libOgreMain.so;debug;/usr/lib/x86_64-linux-gnu/libOgreMain.so
[0.614s] -- Looking for OGRE_Paging...
[0.614s] -- Found OGRE_Paging: optimized;/usr/lib/x86_64-linux-gnu/libOgrePaging.so;debug;/usr/lib/x86_64-linux-gnu/libOgrePaging.so
[0.614s] -- Looking for OGRE_Terrain...
[0.614s] -- Found OGRE_Terrain: optimized;/usr/lib/x86_64-linux-gnu/libOgreTerrain.so;debug;/usr/lib/x86_64-linux-gnu/libOgreTerrain.so
[0.614s] -- Looking for OGRE_Property...
[0.614s] -- Found OGRE_Property: optimized;/usr/lib/x86_64-linux-gnu/libOgreProperty.so;debug;/usr/lib/x86_64-linux-gnu/libOgreProperty.so
[0.614s] -- Looking for OGRE_RTShaderSystem...
[0.614s] -- Found OGRE_RTShaderSystem: optimized;/usr/lib/x86_64-linux-gnu/libOgreRTShaderSystem.so;debug;/usr/lib/x86_64-linux-gnu/libOgreRTShaderSystem.so
[0.614s] -- Looking for OGRE_Volume...
[0.615s] -- Found OGRE_Volume: optimized;/usr/lib/x86_64-linux-gnu/libOgreVolume.so;debug;/usr/lib/x86_64-linux-gnu/libOgreVolume.so
[0.615s] -- Looking for OGRE_Overlay...
[0.615s] -- Found OGRE_Overlay: optimized;/usr/lib/x86_64-linux-gnu/libOgreOverlay.so;debug;/usr/lib/x86_64-linux-gnu/libOgreOverlay.so
[0.724s] -- Looking for ignition-math6 -- found version 6.8.0
[0.726s] -- Looking for ignition-transport8 -- found version 8.2.0
[0.727s] -- Searching for dependencies of ignition-transport8
[0.750s] -- Found Protobuf: /usr/lib/x86_64-linux-gnu/libprotobuf.so;-lpthread (found suitable version "3.6.1", minimum required is "3") 
[0.760s] -- Config-file not installed for ZeroMQ -- checking for pkg-config
[0.764s] -- Checking for module 'libzmq >= 4'
[0.776s] --   Found libzmq , version 4.3.2
[0.811s] -- Checking for module 'uuid'
[0.827s] --   Found uuid, version 2.34.0
[0.859s] -- Looking for ignition-msgs5 -- found version 5.7.0
[0.860s] -- Searching for dependencies of ignition-msgs5
[0.878s] -- Looking for ignition-math6 -- found version 6.8.0
[0.883s] -- Checking for module 'tinyxml2'
[0.895s] --   Found tinyxml2, version 6.2.0
[0.933s] -- Looking for ignition-msgs5 -- found version 5.7.0
[0.933s] -- Looking for ignition-common3 -- found version 3.11.1
[0.934s] -- Searching for dependencies of ignition-common3
[0.934s] -- Looking for dlfcn.h - found
[0.934s] -- Looking for libdl - found
[0.943s] -- Searching for <ignition-common3> component [graphics]
[0.944s] -- Looking for ignition-common3-graphics -- found version 3.11.1
[0.944s] -- Searching for dependencies of ignition-common3-graphics
[0.945s] -- Looking for ignition-math6 -- found version 6.8.0
[0.946s] -- Looking for ignition-fuel_tools4 -- found version 4.3.0
[0.946s] -- Searching for dependencies of ignition-fuel_tools4
[0.966s] -- Checking for module 'jsoncpp'
[0.978s] --   Found jsoncpp, version 1.7.4
[1.013s] -- Checking for module 'libzip'
[1.029s] --   Found libzip, version 1.5.1
[1.057s] -- Looking for ignition-common3 -- found version 3.11.1
[1.058s] -- Looking for ignition-msgs5 -- found version 5.7.0
[1.060s] -- Gazebo version: 11.3
[1.064s] -- Found gazebo_plugins: 3.5.0 (/opt/ros/foxy/share/gazebo_plugins/cmake)
[1.299s] -- Found Boost: /usr/lib/x86_64-linux-gnu/cmake/Boost-1.71.0/BoostConfig.cmake (found version "1.71.0")  
[1.300s] CMake Error at /opt/ros/foxy/share/ament_cmake_target_dependencies/cmake/ament_target_dependencies.cmake:77 (message):
[1.300s]   ament_target_dependencies() the passed package name 'BulletSoftBody' was
[1.301s]   not found before
[1.301s] Call Stack (most recent call first):
[1.301s]   CMakeLists.txt:63 (ament_target_dependencies)
[1.301s] 
[1.301s] 
[1.302s] -- Configuring incomplete, errors occurred!
[1.302s] See also "/home/ruize/dev_ws/build/ros2_env/CMakeFiles/CMakeOutput.log".
[1.302s] See also "/home/ruize/dev_ws/build/ros2_env/CMakeFiles/CMakeError.log".
[1.310s] make: *** [Makefile:578: cmake_check_build_system] Error 1
[1.312s] Invoked command in '/home/ruize/dev_ws/build/ros2_env' returned '2': CMAKE_PREFIX_PATH=${CMAKE_PREFIX_PATH}:/opt/ros/foxy /usr/bin/cmake --build /home/ruize/dev_ws/build/ros2_env -- -j4 -l4
