[0.015s] Invoking command in '/home/ruize/dev_ws/build/ros2_env': CMAKE_PREFIX_PATH=${CMAKE_PREFIX_PATH}:/opt/ros/foxy /usr/bin/cmake --build /home/ruize/dev_ws/build/ros2_env -- -j4 -l4
[0.040s] -- Found ament_cmake: 0.9.8 (/opt/ros/foxy/share/ament_cmake/cmake)
[0.054s] -- Using PYTHON_EXECUTABLE: /usr/bin/python3
[0.187s] -- Found rclcpp: 2.3.0 (/opt/ros/foxy/share/rclcpp/cmake)
[0.212s] -- Using all available rosidl_typesupport_c: rosidl_typesupport_fastrtps_c;rosidl_typesupport_introspection_c
[0.215s] -- Found rosidl_adapter: 1.2.0 (/opt/ros/foxy/share/rosidl_adapter/cmake)
[0.306s] -- Using all available rosidl_typesupport_cpp: rosidl_typesupport_fastrtps_cpp;rosidl_typesupport_introspection_cpp
[0.341s] -- Found rmw_implementation_cmake: 1.0.2 (/opt/ros/foxy/share/rmw_implementation_cmake/cmake)
[0.343s] -- Using RMW implementation 'rmw_fastrtps_cpp' as default
[0.448s] -- Found rclpy: 1.0.5 (/opt/ros/foxy/share/rclpy/cmake)
[0.449s] -- Found gazebo_ros: 3.5.0 (/opt/ros/foxy/share/gazebo_ros/cmake)
[0.487s] -- Found DART: /usr/include (Required is at least version "6.6") found components: dart 
[0.508s] -- Found Protobuf: /usr/lib/x86_64-linux-gnu/libprotobuf.so;-lpthread (found version "3.6.1") 
[0.509s] -- Looking for ignition-math6 -- found version 6.8.0
[0.512s] -- Searching for dependencies of ignition-math6
[0.514s] -- Looking for OGRE...
[0.519s] -- Found Ogre Ghadamon (1.9.0)
[0.519s] -- Found OGRE: optimized;/usr/lib/x86_64-linux-gnu/libOgreMain.so;debug;/usr/lib/x86_64-linux-gnu/libOgreMain.so
[0.528s] -- Looking for OGRE_Paging...
[0.528s] -- Found OGRE_Paging: optimized;/usr/lib/x86_64-linux-gnu/libOgrePaging.so;debug;/usr/lib/x86_64-linux-gnu/libOgrePaging.so
[0.528s] -- Looking for OGRE_Terrain...
[0.528s] -- Found OGRE_Terrain: optimized;/usr/lib/x86_64-linux-gnu/libOgreTerrain.so;debug;/usr/lib/x86_64-linux-gnu/libOgreTerrain.so
[0.528s] -- Looking for OGRE_Property...
[0.528s] -- Found OGRE_Property: optimized;/usr/lib/x86_64-linux-gnu/libOgreProperty.so;debug;/usr/lib/x86_64-linux-gnu/libOgreProperty.so
[0.528s] -- Looking for OGRE_RTShaderSystem...
[0.529s] -- Found OGRE_RTShaderSystem: optimized;/usr/lib/x86_64-linux-gnu/libOgreRTShaderSystem.so;debug;/usr/lib/x86_64-linux-gnu/libOgreRTShaderSystem.so
[0.529s] -- Looking for OGRE_Volume...
[0.529s] -- Found OGRE_Volume: optimized;/usr/lib/x86_64-linux-gnu/libOgreVolume.so;debug;/usr/lib/x86_64-linux-gnu/libOgreVolume.so
[0.529s] -- Looking for OGRE_Overlay...
[0.529s] -- Found OGRE_Overlay: optimized;/usr/lib/x86_64-linux-gnu/libOgreOverlay.so;debug;/usr/lib/x86_64-linux-gnu/libOgreOverlay.so
[0.617s] -- Looking for ignition-math6 -- found version 6.8.0
[0.617s] -- Looking for ignition-transport8 -- found version 8.2.0
[0.618s] -- Searching for dependencies of ignition-transport8
[0.634s] -- Found Protobuf: /usr/lib/x86_64-linux-gnu/libprotobuf.so;-lpthread (found suitable version "3.6.1", minimum required is "3") 
[0.643s] -- Config-file not installed for ZeroMQ -- checking for pkg-config
[0.649s] -- Checking for module 'libzmq >= 4'
[0.662s] --   Found libzmq , version 4.3.2
[0.692s] -- Checking for module 'uuid'
[0.703s] --   Found uuid, version 2.34.0
[0.740s] -- Looking for ignition-msgs5 -- found version 5.7.0
[0.741s] -- Searching for dependencies of ignition-msgs5
[0.755s] -- Looking for ignition-math6 -- found version 6.8.0
[0.759s] -- Checking for module 'tinyxml2'
[0.769s] --   Found tinyxml2, version 6.2.0
[0.793s] -- Looking for ignition-msgs5 -- found version 5.7.0
[0.794s] -- Looking for ignition-common3 -- found version 3.11.1
[0.794s] -- Searching for dependencies of ignition-common3
[0.794s] -- Looking for dlfcn.h - found
[0.794s] -- Looking for libdl - found
[0.800s] -- Searching for <ignition-common3> component [graphics]
[0.800s] -- Looking for ignition-common3-graphics -- found version 3.11.1
[0.801s] -- Searching for dependencies of ignition-common3-graphics
[0.801s] -- Looking for ignition-math6 -- found version 6.8.0
[0.802s] -- Looking for ignition-fuel_tools4 -- found version 4.3.0
[0.802s] -- Searching for dependencies of ignition-fuel_tools4
[0.824s] -- Checking for module 'jsoncpp'
[0.838s] --   Found jsoncpp, version 1.7.4
[0.868s] -- Checking for module 'libzip'
[0.878s] --   Found libzip, version 1.5.1
[0.902s] -- Looking for ignition-common3 -- found version 3.11.1
[0.903s] -- Looking for ignition-msgs5 -- found version 5.7.0
[0.904s] -- Gazebo version: 11.3
[0.908s] -- Found gazebo_plugins: 3.5.0 (/opt/ros/foxy/share/gazebo_plugins/cmake)
[1.148s] -- Found ament_lint_auto: 0.9.6 (/opt/ros/foxy/share/ament_lint_auto/cmake)
[1.194s] -- Added test 'copyright' to check source files copyright and LICENSE
[1.196s] -- Added test 'cppcheck' to perform static code analysis on C / C++ code
[1.197s] -- Configured cppcheck include dirs: /home/ruize/dev_ws/src/ros2_env/include
[1.197s] -- Configured cppcheck exclude dirs and/or files: 
[1.199s] -- Added test 'cpplint' to check C / C++ code against the Google style
[1.199s] -- Configured cpplint exclude dirs and/or files: 
[1.200s] -- Added test 'flake8' to check Python code syntax and style conventions
[1.200s] -- Added test 'lint_cmake' to check CMake code style
[1.201s] -- Added test 'pep257' to check Python code against some of the style conventions in PEP 257
[1.203s] -- Added test 'uncrustify' to check C / C++ code style
[1.203s] -- Configured uncrustify additional arguments: 
[1.203s] -- Added test 'xmllint' to check XML markup files
[1.206s] -- Configuring done
[1.247s] -- Generating done
[1.249s] -- Build files have been written to: /home/ruize/dev_ws/build/ros2_env
[1.270s] [35m[1mScanning dependencies of target WavefieldVisualPlugin[0m
[1.270s] [35m[1mScanning dependencies of target WavefieldModelPlugin[0m
[1.288s] [ 25%] [32mBuilding CXX object CMakeFiles/WavefieldVisualPlugin.dir/plugins/WavefieldVisualPlugin.cc.o[0m
[1.293s] [ 50%] [32mBuilding CXX object CMakeFiles/WavefieldModelPlugin.dir/plugins/WavefieldModelPlugin.cc.o[0m
[8.680s] [ 75%] [32m[1mLinking CXX shared library libWavefieldModelPlugin.so[0m
[9.029s] [ 75%] Built target WavefieldModelPlugin
[12.215s] [100%] [32m[1mLinking CXX shared library libWavefieldVisualPlugin.so[0m
[12.499s] [100%] Built target WavefieldVisualPlugin
[12.510s] Invoked command in '/home/ruize/dev_ws/build/ros2_env' returned '0': CMAKE_PREFIX_PATH=${CMAKE_PREFIX_PATH}:/opt/ros/foxy /usr/bin/cmake --build /home/ruize/dev_ws/build/ros2_env -- -j4 -l4
[12.540s] Invoking command in '/home/ruize/dev_ws/build/ros2_env': CMAKE_PREFIX_PATH=${CMAKE_PREFIX_PATH}:/opt/ros/foxy /usr/bin/cmake --install /home/ruize/dev_ws/build/ros2_env
[12.551s] -- Install configuration: ""
[12.551s] -- Up-to-date: /home/ruize/dev_ws/install/ros2_env/share/ros2_env/environment/library_path.sh
[12.551s] -- Installing: /home/ruize/dev_ws/install/ros2_env/share/ros2_env/environment/library_path.dsv
[12.552s] -- Installing: /home/ruize/dev_ws/install/ros2_env/lib/libWavefieldModelPlugin.so
[12.552s] -- Set runtime path of "/home/ruize/dev_ws/install/ros2_env/lib/libWavefieldModelPlugin.so" to ""
[12.552s] -- Installing: /home/ruize/dev_ws/install/ros2_env/lib/libWavefieldVisualPlugin.so
[12.552s] -- Set runtime path of "/home/ruize/dev_ws/install/ros2_env/lib/libWavefieldVisualPlugin.so" to ""
[12.552s] -- Up-to-date: /home/ruize/dev_ws/install/ros2_env/share/ros2_env/models
[12.552s] -- Up-to-date: /home/ruize/dev_ws/install/ros2_env/share/ros2_env/models/ocean_waves
[12.552s] -- Up-to-date: /home/ruize/dev_ws/install/ros2_env/share/ros2_env/models/ocean_waves/meshes
[12.552s] -- Up-to-date: /home/ruize/dev_ws/install/ros2_env/share/ros2_env/models/ocean_waves/meshes/mesh.dae
[12.552s] -- Up-to-date: /home/ruize/dev_ws/install/ros2_env/share/ros2_env/models/ocean_waves/meshes/mesh_below.dae
[12.552s] -- Up-to-date: /home/ruize/dev_ws/install/ros2_env/share/ros2_env/models/ocean_waves/meshes/mesh.blend
[12.552s] -- Up-to-date: /home/ruize/dev_ws/install/ros2_env/share/ros2_env/models/ocean_waves/model.xacro.erb
[12.552s] -- Up-to-date: /home/ruize/dev_ws/install/ros2_env/share/ros2_env/models/ocean_waves/model.xacro
[12.552s] -- Up-to-date: /home/ruize/dev_ws/install/ros2_env/share/ros2_env/models/ocean_waves/model.config
[12.552s] -- Up-to-date: /home/ruize/dev_ws/install/ros2_env/share/ros2_env/models/ocean_waves/materials
[12.553s] -- Up-to-date: /home/ruize/dev_ws/install/ros2_env/share/ros2_env/models/ocean_waves/materials/programs
[12.553s] -- Up-to-date: /home/ruize/dev_ws/install/ros2_env/share/ros2_env/models/ocean_waves/materials/programs/GerstnerWaves.frag
[12.553s] -- Up-to-date: /home/ruize/dev_ws/install/ros2_env/share/ros2_env/models/ocean_waves/materials/programs/GerstnerWaves.vert
[12.553s] -- Up-to-date: /home/ruize/dev_ws/install/ros2_env/share/ros2_env/models/ocean_waves/materials/scripts
[12.554s] -- Up-to-date: /home/ruize/dev_ws/install/ros2_env/share/ros2_env/models/ocean_waves/materials/scripts/waves.material
[12.554s] -- Up-to-date: /home/ruize/dev_ws/install/ros2_env/share/ros2_env/models/ocean_waves/materials/textures
[12.554s] -- Up-to-date: /home/ruize/dev_ws/install/ros2_env/share/ros2_env/models/ocean_waves/materials/textures/clouds_rt.jpg
[12.554s] -- Up-to-date: /home/ruize/dev_ws/install/ros2_env/share/ros2_env/models/ocean_waves/materials/textures/clouds_dn.jpg
[12.554s] -- Up-to-date: /home/ruize/dev_ws/install/ros2_env/share/ros2_env/models/ocean_waves/materials/textures/clouds_bk.jpg
[12.554s] -- Up-to-date: /home/ruize/dev_ws/install/ros2_env/share/ros2_env/models/ocean_waves/materials/textures/clouds_up.jpg
[12.554s] -- Up-to-date: /home/ruize/dev_ws/install/ros2_env/share/ros2_env/models/ocean_waves/materials/textures/clouds_fr.jpg
[12.554s] -- Up-to-date: /home/ruize/dev_ws/install/ros2_env/share/ros2_env/models/ocean_waves/materials/textures/clouds.jpg
[12.554s] -- Up-to-date: /home/ruize/dev_ws/install/ros2_env/share/ros2_env/models/ocean_waves/materials/textures/wave_normals.dds
[12.554s] -- Up-to-date: /home/ruize/dev_ws/install/ros2_env/share/ros2_env/models/ocean_waves/materials/textures/clouds_lf.jpg
[12.555s] -- Up-to-date: /home/ruize/dev_ws/install/ros2_env/share/ros2_env/models/sandisland
[12.555s] -- Up-to-date: /home/ruize/dev_ws/install/ros2_env/share/ros2_env/models/sandisland/meshes
[12.555s] -- Up-to-date: /home/ruize/dev_ws/install/ros2_env/share/ros2_env/models/sandisland/meshes/sandisland.dae
[12.555s] -- Up-to-date: /home/ruize/dev_ws/install/ros2_env/share/ros2_env/models/sandisland/model.sdf
[12.555s] -- Up-to-date: /home/ruize/dev_ws/install/ros2_env/share/ros2_env/models/sandisland/heightmap.png
[12.555s] -- Up-to-date: /home/ruize/dev_ws/install/ros2_env/share/ros2_env/models/sandisland/model.config
[12.555s] -- Up-to-date: /home/ruize/dev_ws/install/ros2_env/share/ros2_env/models/sandisland/materials
[12.555s] -- Up-to-date: /home/ruize/dev_ws/install/ros2_env/share/ros2_env/models/sandisland/materials/textures
[12.555s] -- Up-to-date: /home/ruize/dev_ws/install/ros2_env/share/ros2_env/models/sandisland/materials/textures/sandisland.png
[12.555s] -- Up-to-date: /home/ruize/dev_ws/install/ros2_env/share/ros2_env/worlds
[12.555s] -- Up-to-date: /home/ruize/dev_ws/install/ros2_env/share/ros2_env/worlds/ocean_waves.xacro
[12.556s] -- Up-to-date: /home/ruize/dev_ws/install/ros2_env/share/ros2_env/worlds/example_course.world.xacro
[12.556s] -- Up-to-date: /home/ruize/dev_ws/install/ros2_env/share/ros2_env/worlds/my_world.world
[12.556s] -- Up-to-date: /home/ruize/dev_ws/install/ros2_env/share/ros2_env/worlds/sandisland.xacro
[12.556s] -- Up-to-date: /home/ruize/dev_ws/install/ros2_env/share/ros2_env/launch
[12.556s] -- Up-to-date: /home/ruize/dev_ws/install/ros2_env/share/ros2_env/launch/ros2_env_launch.py
[12.556s] -- Up-to-date: /home/ruize/dev_ws/install/ros2_env/share/ament_index/resource_index/package_run_dependencies/ros2_env
[12.556s] -- Up-to-date: /home/ruize/dev_ws/install/ros2_env/share/ament_index/resource_index/parent_prefix_path/ros2_env
[12.556s] -- Up-to-date: /home/ruize/dev_ws/install/ros2_env/share/ros2_env/environment/ament_prefix_path.sh
[12.556s] -- Installing: /home/ruize/dev_ws/install/ros2_env/share/ros2_env/environment/ament_prefix_path.dsv
[12.557s] -- Up-to-date: /home/ruize/dev_ws/install/ros2_env/share/ros2_env/environment/path.sh
[12.557s] -- Installing: /home/ruize/dev_ws/install/ros2_env/share/ros2_env/environment/path.dsv
[12.557s] -- Up-to-date: /home/ruize/dev_ws/install/ros2_env/share/ros2_env/local_setup.bash
[12.557s] -- Installing: /home/ruize/dev_ws/install/ros2_env/share/ros2_env/local_setup.sh
[12.557s] -- Up-to-date: /home/ruize/dev_ws/install/ros2_env/share/ros2_env/local_setup.zsh
[12.557s] -- Installing: /home/ruize/dev_ws/install/ros2_env/share/ros2_env/local_setup.dsv
[12.557s] -- Installing: /home/ruize/dev_ws/install/ros2_env/share/ros2_env/package.dsv
[12.557s] -- Up-to-date: /home/ruize/dev_ws/install/ros2_env/share/ament_index/resource_index/packages/ros2_env
[12.557s] -- Up-to-date: /home/ruize/dev_ws/install/ros2_env/share/ros2_env/cmake/ament_cmake_export_libraries-extras.cmake
[12.557s] -- Installing: /home/ruize/dev_ws/install/ros2_env/share/ros2_env/cmake/ros2_envConfig.cmake
[12.558s] -- Up-to-date: /home/ruize/dev_ws/install/ros2_env/share/ros2_env/cmake/ros2_envConfig-version.cmake
[12.558s] -- Up-to-date: /home/ruize/dev_ws/install/ros2_env/share/ros2_env/package.xml
[12.558s] Invoked command in '/home/ruize/dev_ws/build/ros2_env' returned '0': CMAKE_PREFIX_PATH=${CMAKE_PREFIX_PATH}:/opt/ros/foxy /usr/bin/cmake --install /home/ruize/dev_ws/build/ros2_env
