[0.250s] DEBUG:colcon:Command line arguments: ['/usr/bin/colcon', 'build']
[0.250s] DEBUG:colcon:Parsed command line arguments: Namespace(ament_cmake_args=None, base_paths=['.'], build_base='build', catkin_cmake_args=None, catkin_skip_building_tests=False, cmake_args=None, cmake_clean_cache=False, cmake_clean_first=False, cmake_force_configure=False, cmake_target=None, cmake_target_skip_unavailable=False, continue_on_error=False, event_handlers=None, executor='parallel', ignore_user_meta=False, install_base='install', log_base=None, log_level=None, main=<bound method BuildVerb.main of <colcon_core.verb.build.BuildVerb object at 0x7ff61ef5b0d0>>, merge_install=False, metas=['./colcon.meta'], packages_above=None, packages_above_and_dependencies=None, packages_above_depth=None, packages_end=None, packages_ignore=None, packages_ignore_regex=None, packages_select=None, packages_select_build_failed=False, packages_select_by_dep=None, packages_select_regex=None, packages_select_test_failures=False, packages_skip=None, packages_skip_build_finished=False, packages_skip_by_dep=None, packages_skip_regex=None, packages_skip_test_passed=False, packages_skip_up_to=None, packages_start=None, packages_up_to=None, packages_up_to_regex=None, parallel_workers=4, paths=None, symlink_install=False, test_result_base=None, verb_extension=<colcon_core.verb.build.BuildVerb object at 0x7ff61ef5b0d0>, verb_name='build', verb_parser=<colcon_defaults.argument_parser.defaults.DefaultArgumentsDecorator object at 0x7ff61ef5b610>)
[0.256s] Level 1:colcon.colcon_core.package_discovery:discover_packages(colcon_meta) check parameters
[0.256s] Level 1:colcon.colcon_core.package_discovery:discover_packages(recursive) check parameters
[0.256s] Level 1:colcon.colcon_core.package_discovery:discover_packages(ignore) check parameters
[0.256s] Level 1:colcon.colcon_core.package_discovery:discover_packages(path) check parameters
[0.256s] Level 1:colcon.colcon_core.package_discovery:discover_packages(colcon_meta) discover
[0.256s] Level 1:colcon.colcon_core.package_discovery:discover_packages(recursive) discover
[0.256s] INFO:colcon.colcon_core.package_discovery:Crawling recursively for packages in '/home/ruize/dev_ws'
[0.256s] Level 1:colcon.colcon_core.package_identification:_identify(.) by extensions ['ignore', 'ignore_ament_install']
[0.256s] Level 1:colcon.colcon_core.package_identification:_identify(.) by extension 'ignore'
[0.256s] Level 1:colcon.colcon_core.package_identification:_identify(.) by extension 'ignore_ament_install'
[0.256s] Level 1:colcon.colcon_core.package_identification:_identify(.) by extensions ['colcon_pkg']
[0.256s] Level 1:colcon.colcon_core.package_identification:_identify(.) by extension 'colcon_pkg'
[0.256s] Level 1:colcon.colcon_core.package_identification:_identify(.) by extensions ['colcon_meta']
[0.256s] Level 1:colcon.colcon_core.package_identification:_identify(.) by extension 'colcon_meta'
[0.256s] Level 1:colcon.colcon_core.package_identification:_identify(.) by extensions ['ros']
[0.256s] Level 1:colcon.colcon_core.package_identification:_identify(.) by extension 'ros'
[0.265s] Level 1:colcon.colcon_core.package_identification:_identify(.) by extensions ['cmake', 'python']
[0.265s] Level 1:colcon.colcon_core.package_identification:_identify(.) by extension 'cmake'
[0.265s] Level 1:colcon.colcon_core.package_identification:_identify(.) by extension 'python'
[0.265s] Level 1:colcon.colcon_core.package_identification:_identify(.) by extensions ['python_setup_py']
[0.265s] Level 1:colcon.colcon_core.package_identification:_identify(.) by extension 'python_setup_py'
[0.265s] Level 1:colcon.colcon_core.package_identification:_identify(build) by extensions ['ignore', 'ignore_ament_install']
[0.265s] Level 1:colcon.colcon_core.package_identification:_identify(build) by extension 'ignore'
[0.265s] Level 1:colcon.colcon_core.package_identification:_identify(build) ignored
[0.265s] Level 1:colcon.colcon_core.package_identification:_identify(install) by extensions ['ignore', 'ignore_ament_install']
[0.265s] Level 1:colcon.colcon_core.package_identification:_identify(install) by extension 'ignore'
[0.266s] Level 1:colcon.colcon_core.package_identification:_identify(install) ignored
[0.266s] Level 1:colcon.colcon_core.package_identification:_identify(log) by extensions ['ignore', 'ignore_ament_install']
[0.266s] Level 1:colcon.colcon_core.package_identification:_identify(log) by extension 'ignore'
[0.266s] Level 1:colcon.colcon_core.package_identification:_identify(log) ignored
[0.266s] Level 1:colcon.colcon_core.package_identification:_identify(src) by extensions ['ignore', 'ignore_ament_install']
[0.266s] Level 1:colcon.colcon_core.package_identification:_identify(src) by extension 'ignore'
[0.266s] Level 1:colcon.colcon_core.package_identification:_identify(src) by extension 'ignore_ament_install'
[0.266s] Level 1:colcon.colcon_core.package_identification:_identify(src) by extensions ['colcon_pkg']
[0.266s] Level 1:colcon.colcon_core.package_identification:_identify(src) by extension 'colcon_pkg'
[0.266s] Level 1:colcon.colcon_core.package_identification:_identify(src) by extensions ['colcon_meta']
[0.266s] Level 1:colcon.colcon_core.package_identification:_identify(src) by extension 'colcon_meta'
[0.266s] Level 1:colcon.colcon_core.package_identification:_identify(src) by extensions ['ros']
[0.266s] Level 1:colcon.colcon_core.package_identification:_identify(src) by extension 'ros'
[0.266s] Level 1:colcon.colcon_core.package_identification:_identify(src) by extensions ['cmake', 'python']
[0.266s] Level 1:colcon.colcon_core.package_identification:_identify(src) by extension 'cmake'
[0.266s] Level 1:colcon.colcon_core.package_identification:_identify(src) by extension 'python'
[0.266s] Level 1:colcon.colcon_core.package_identification:_identify(src) by extensions ['python_setup_py']
[0.266s] Level 1:colcon.colcon_core.package_identification:_identify(src) by extension 'python_setup_py'
[0.266s] Level 1:colcon.colcon_core.package_identification:_identify(src/ros2_env) by extensions ['ignore', 'ignore_ament_install']
[0.266s] Level 1:colcon.colcon_core.package_identification:_identify(src/ros2_env) by extension 'ignore'
[0.267s] Level 1:colcon.colcon_core.package_identification:_identify(src/ros2_env) by extension 'ignore_ament_install'
[0.267s] Level 1:colcon.colcon_core.package_identification:_identify(src/ros2_env) by extensions ['colcon_pkg']
[0.267s] Level 1:colcon.colcon_core.package_identification:_identify(src/ros2_env) by extension 'colcon_pkg'
[0.267s] Level 1:colcon.colcon_core.package_identification:_identify(src/ros2_env) by extensions ['colcon_meta']
[0.267s] Level 1:colcon.colcon_core.package_identification:_identify(src/ros2_env) by extension 'colcon_meta'
[0.267s] Level 1:colcon.colcon_core.package_identification:_identify(src/ros2_env) by extensions ['ros']
[0.267s] Level 1:colcon.colcon_core.package_identification:_identify(src/ros2_env) by extension 'ros'
[0.270s] DEBUG:colcon.colcon_core.package_identification:Package 'src/ros2_env' with type 'ros.ament_cmake' and name 'ros2_env'
[0.271s] Level 1:colcon.colcon_core.package_discovery:discover_packages(recursive) using defaults
[0.271s] Level 1:colcon.colcon_core.package_discovery:discover_packages(ignore) discover
[0.271s] Level 1:colcon.colcon_core.package_discovery:discover_packages(ignore) using defaults
[0.271s] Level 1:colcon.colcon_core.package_discovery:discover_packages(path) discover
[0.271s] Level 1:colcon.colcon_core.package_discovery:discover_packages(path) using defaults
[0.287s] Level 5:colcon.colcon_core.verb:set package 'ros2_env' build argument 'cmake_args' from command line to 'None'
[0.287s] Level 5:colcon.colcon_core.verb:set package 'ros2_env' build argument 'cmake_target' from command line to 'None'
[0.287s] Level 5:colcon.colcon_core.verb:set package 'ros2_env' build argument 'cmake_target_skip_unavailable' from command line to 'False'
[0.287s] Level 5:colcon.colcon_core.verb:set package 'ros2_env' build argument 'cmake_clean_cache' from command line to 'False'
[0.288s] Level 5:colcon.colcon_core.verb:set package 'ros2_env' build argument 'cmake_clean_first' from command line to 'False'
[0.288s] Level 5:colcon.colcon_core.verb:set package 'ros2_env' build argument 'cmake_force_configure' from command line to 'False'
[0.288s] Level 5:colcon.colcon_core.verb:set package 'ros2_env' build argument 'ament_cmake_args' from command line to 'None'
[0.288s] Level 5:colcon.colcon_core.verb:set package 'ros2_env' build argument 'catkin_cmake_args' from command line to 'None'
[0.288s] Level 5:colcon.colcon_core.verb:set package 'ros2_env' build argument 'catkin_skip_building_tests' from command line to 'False'
[0.288s] DEBUG:colcon.colcon_core.verb:Building package 'ros2_env' with the following arguments: {'ament_cmake_args': None, 'build_base': '/home/ruize/dev_ws/build/ros2_env', 'catkin_cmake_args': None, 'catkin_skip_building_tests': False, 'cmake_args': None, 'cmake_clean_cache': False, 'cmake_clean_first': False, 'cmake_force_configure': False, 'cmake_target': None, 'cmake_target_skip_unavailable': False, 'install_base': '/home/ruize/dev_ws/install/ros2_env', 'merge_install': False, 'path': '/home/ruize/dev_ws/src/ros2_env', 'symlink_install': False, 'test_result_base': None}
[0.288s] INFO:colcon.colcon_core.executor:Executing jobs using 'parallel' executor
[0.290s] DEBUG:colcon.colcon_parallel_executor.executor.parallel:run_until_complete
[0.290s] INFO:colcon.colcon_ros.task.ament_cmake.build:Building ROS package in '/home/ruize/dev_ws/src/ros2_env' with build type 'ament_cmake'
[0.290s] INFO:colcon.colcon_cmake.task.cmake.build:Building CMake package in '/home/ruize/dev_ws/src/ros2_env'
[0.293s] INFO:colcon.colcon_core.plugin_system:Skipping extension 'colcon_core.shell.bat': Not used on non-Windows systems
[0.294s] INFO:colcon.colcon_core.shell:Skip shell extension 'powershell' for command environment: Not usable outside of PowerShell
[0.294s] DEBUG:colcon.colcon_core.shell:Skip shell extension 'dsv' for command environment
[0.297s] DEBUG:colcon.colcon_core.shell:Ignoring prefix path '/opt/ros/foxy'
[0.313s] DEBUG:colcon.colcon_core.event_handler.log_command:Invoking command in '/home/ruize/dev_ws/build/ros2_env': CMAKE_PREFIX_PATH=${CMAKE_PREFIX_PATH}:/opt/ros/foxy /usr/bin/cmake --build /home/ruize/dev_ws/build/ros2_env -- -j4 -l4
[2.063s] DEBUG:colcon.colcon_core.event_handler.log_command:Invoked command in '/home/ruize/dev_ws/build/ros2_env' returned '0': CMAKE_PREFIX_PATH=${CMAKE_PREFIX_PATH}:/opt/ros/foxy /usr/bin/cmake --build /home/ruize/dev_ws/build/ros2_env -- -j4 -l4
[2.099s] DEBUG:colcon.colcon_core.event_handler.log_command:Invoking command in '/home/ruize/dev_ws/build/ros2_env': CMAKE_PREFIX_PATH=${CMAKE_PREFIX_PATH}:/opt/ros/foxy /usr/bin/cmake --install /home/ruize/dev_ws/build/ros2_env
[2.117s] Level 1:colcon.colcon_core.environment:create_environment_scripts_only(ros2_env)
[2.119s] DEBUG:colcon.colcon_core.event_handler.log_command:Invoked command in '/home/ruize/dev_ws/build/ros2_env' returned '0': CMAKE_PREFIX_PATH=${CMAKE_PREFIX_PATH}:/opt/ros/foxy /usr/bin/cmake --install /home/ruize/dev_ws/build/ros2_env
[2.121s] Level 1:colcon.colcon_core.environment:checking '/home/ruize/dev_ws/install/ros2_env' for CMake module files
[2.122s] Level 1:colcon.colcon_core.environment:checking '/home/ruize/dev_ws/install/ros2_env' for CMake config files
[2.122s] Level 1:colcon.colcon_core.shell:create_environment_hook('ros2_env', 'cmake_prefix_path')
[2.122s] INFO:colcon.colcon_core.shell:Creating environment hook '/home/ruize/dev_ws/install/ros2_env/share/ros2_env/hook/cmake_prefix_path.ps1'
[2.123s] INFO:colcon.colcon_core.shell:Creating environment descriptor '/home/ruize/dev_ws/install/ros2_env/share/ros2_env/hook/cmake_prefix_path.dsv'
[2.124s] INFO:colcon.colcon_core.shell:Creating environment hook '/home/ruize/dev_ws/install/ros2_env/share/ros2_env/hook/cmake_prefix_path.sh'
[2.126s] Level 1:colcon.colcon_core.environment:checking '/home/ruize/dev_ws/install/ros2_env/lib'
[2.126s] Level 1:colcon.colcon_core.shell:create_environment_hook('ros2_env', 'ld_library_path_lib')
[2.127s] INFO:colcon.colcon_core.shell:Creating environment hook '/home/ruize/dev_ws/install/ros2_env/share/ros2_env/hook/ld_library_path_lib.ps1'
[2.127s] INFO:colcon.colcon_core.shell:Creating environment descriptor '/home/ruize/dev_ws/install/ros2_env/share/ros2_env/hook/ld_library_path_lib.dsv'
[2.127s] INFO:colcon.colcon_core.shell:Creating environment hook '/home/ruize/dev_ws/install/ros2_env/share/ros2_env/hook/ld_library_path_lib.sh'
[2.127s] Level 1:colcon.colcon_core.environment:checking '/home/ruize/dev_ws/install/ros2_env/bin'
[2.127s] Level 1:colcon.colcon_core.environment:checking '/home/ruize/dev_ws/install/ros2_env/lib/pkgconfig/ros2_env.pc'
[2.128s] Level 1:colcon.colcon_core.environment:checking '/home/ruize/dev_ws/install/ros2_env/lib/python3.8/site-packages'
[2.128s] INFO:colcon.colcon_core.shell:Creating package script '/home/ruize/dev_ws/install/ros2_env/share/ros2_env/package.ps1'
[2.129s] INFO:colcon.colcon_core.shell:Creating package descriptor '/home/ruize/dev_ws/install/ros2_env/share/ros2_env/package.dsv'
[2.130s] INFO:colcon.colcon_core.shell:Creating package script '/home/ruize/dev_ws/install/ros2_env/share/ros2_env/package.sh'
[2.131s] INFO:colcon.colcon_core.shell:Creating package script '/home/ruize/dev_ws/install/ros2_env/share/ros2_env/package.bash'
[2.131s] INFO:colcon.colcon_core.shell:Creating package script '/home/ruize/dev_ws/install/ros2_env/share/ros2_env/package.zsh'
[2.132s] Level 1:colcon.colcon_core.environment:create_file_with_runtime_dependencies(/home/ruize/dev_ws/install/ros2_env/share/colcon-core/packages/ros2_env)
[2.158s] Level 1:colcon.colcon_core.environment:create_environment_scripts_only(ros2_env)
[2.160s] Level 1:colcon.colcon_core.environment:checking '/home/ruize/dev_ws/install/ros2_env' for CMake module files
[2.160s] Level 1:colcon.colcon_core.environment:checking '/home/ruize/dev_ws/install/ros2_env' for CMake config files
[2.161s] Level 1:colcon.colcon_core.shell:create_environment_hook('ros2_env', 'cmake_prefix_path')
[2.161s] INFO:colcon.colcon_core.shell:Creating environment hook '/home/ruize/dev_ws/install/ros2_env/share/ros2_env/hook/cmake_prefix_path.ps1'
[2.162s] INFO:colcon.colcon_core.shell:Creating environment descriptor '/home/ruize/dev_ws/install/ros2_env/share/ros2_env/hook/cmake_prefix_path.dsv'
[2.162s] INFO:colcon.colcon_core.shell:Creating environment hook '/home/ruize/dev_ws/install/ros2_env/share/ros2_env/hook/cmake_prefix_path.sh'
[2.163s] Level 1:colcon.colcon_core.environment:checking '/home/ruize/dev_ws/install/ros2_env/lib'
[2.163s] Level 1:colcon.colcon_core.shell:create_environment_hook('ros2_env', 'ld_library_path_lib')
[2.163s] INFO:colcon.colcon_core.shell:Creating environment hook '/home/ruize/dev_ws/install/ros2_env/share/ros2_env/hook/ld_library_path_lib.ps1'
[2.163s] INFO:colcon.colcon_core.shell:Creating environment descriptor '/home/ruize/dev_ws/install/ros2_env/share/ros2_env/hook/ld_library_path_lib.dsv'
[2.164s] INFO:colcon.colcon_core.shell:Creating environment hook '/home/ruize/dev_ws/install/ros2_env/share/ros2_env/hook/ld_library_path_lib.sh'
[2.164s] Level 1:colcon.colcon_core.environment:checking '/home/ruize/dev_ws/install/ros2_env/bin'
[2.164s] Level 1:colcon.colcon_core.environment:checking '/home/ruize/dev_ws/install/ros2_env/lib/pkgconfig/ros2_env.pc'
[2.164s] Level 1:colcon.colcon_core.environment:checking '/home/ruize/dev_ws/install/ros2_env/lib/python3.8/site-packages'
[2.165s] INFO:colcon.colcon_core.shell:Creating package script '/home/ruize/dev_ws/install/ros2_env/share/ros2_env/package.ps1'
[2.165s] INFO:colcon.colcon_core.shell:Creating package descriptor '/home/ruize/dev_ws/install/ros2_env/share/ros2_env/package.dsv'
[2.165s] INFO:colcon.colcon_core.shell:Creating package script '/home/ruize/dev_ws/install/ros2_env/share/ros2_env/package.sh'
[2.166s] INFO:colcon.colcon_core.shell:Creating package script '/home/ruize/dev_ws/install/ros2_env/share/ros2_env/package.bash'
[2.166s] INFO:colcon.colcon_core.shell:Creating package script '/home/ruize/dev_ws/install/ros2_env/share/ros2_env/package.zsh'
[2.166s] Level 1:colcon.colcon_core.environment:create_file_with_runtime_dependencies(/home/ruize/dev_ws/install/ros2_env/share/colcon-core/packages/ros2_env)
[2.167s] DEBUG:colcon.colcon_parallel_executor.executor.parallel:closing loop
[2.167s] DEBUG:colcon.colcon_parallel_executor.executor.parallel:loop closed
[2.167s] DEBUG:colcon.colcon_parallel_executor.executor.parallel:run_until_complete finished with '0'
[2.167s] DEBUG:colcon.colcon_core.event_reactor:joining thread
[2.173s] INFO:colcon.colcon_core.plugin_system:Skipping extension 'colcon_notification.desktop_notification.terminal_notifier': Not used on non-Darwin systems
[2.173s] INFO:colcon.colcon_core.plugin_system:Skipping extension 'colcon_notification.desktop_notification.win32': Not used on non-Windows systems
[2.173s] INFO:colcon.colcon_notification.desktop_notification:Sending desktop notification using 'notify2'
[2.187s] DEBUG:colcon.colcon_core.event_reactor:joined thread
[2.187s] INFO:colcon.colcon_core.shell:Creating prefix script '/home/ruize/dev_ws/install/local_setup.ps1'
[2.188s] INFO:colcon.colcon_core.shell:Creating prefix util module '/home/ruize/dev_ws/install/_local_setup_util_ps1.py'
[2.189s] INFO:colcon.colcon_core.shell:Creating prefix chain script '/home/ruize/dev_ws/install/setup.ps1'
[2.192s] INFO:colcon.colcon_core.shell:Creating prefix script '/home/ruize/dev_ws/install/local_setup.sh'
[2.192s] INFO:colcon.colcon_core.shell:Creating prefix util module '/home/ruize/dev_ws/install/_local_setup_util_sh.py'
[2.193s] INFO:colcon.colcon_core.shell:Creating prefix chain script '/home/ruize/dev_ws/install/setup.sh'
[2.202s] INFO:colcon.colcon_core.shell:Creating prefix script '/home/ruize/dev_ws/install/local_setup.bash'
[2.203s] INFO:colcon.colcon_core.shell:Creating prefix chain script '/home/ruize/dev_ws/install/setup.bash'
[2.206s] INFO:colcon.colcon_core.shell:Creating prefix script '/home/ruize/dev_ws/install/local_setup.zsh'
[2.207s] INFO:colcon.colcon_core.shell:Creating prefix chain script '/home/ruize/dev_ws/install/setup.zsh'
