[0.012s] Invoking command in '/home/ruize/dev_ws/build/ros2_env': CMAKE_PREFIX_PATH=${CMAKE_PREFIX_PATH}:/opt/ros/foxy /usr/bin/cmake --build /home/ruize/dev_ws/build/ros2_env -- -j4 -l4
[0.052s] Invoked command in '/home/ruize/dev_ws/build/ros2_env' returned '0': CMAKE_PREFIX_PATH=${CMAKE_PREFIX_PATH}:/opt/ros/foxy /usr/bin/cmake --build /home/ruize/dev_ws/build/ros2_env -- -j4 -l4
[0.077s] Invoking command in '/home/ruize/dev_ws/build/ros2_env': CMAKE_PREFIX_PATH=${CMAKE_PREFIX_PATH}:/opt/ros/foxy /usr/bin/cmake --install /home/ruize/dev_ws/build/ros2_env
[0.084s] -- Install configuration: ""
[0.085s] -- Up-to-date: /home/ruize/dev_ws/install/ros2_env/share/ros2_env/models
[0.085s] -- Up-to-date: /home/ruize/dev_ws/install/ros2_env/share/ros2_env/models/sandisland
[0.085s] -- Up-to-date: /home/ruize/dev_ws/install/ros2_env/share/ros2_env/models/sandisland/meshes
[0.085s] -- Up-to-date: /home/ruize/dev_ws/install/ros2_env/share/ros2_env/models/sandisland/meshes/sandisland.dae
[0.085s] -- Up-to-date: /home/ruize/dev_ws/install/ros2_env/share/ros2_env/models/sandisland/model.sdf
[0.085s] -- Up-to-date: /home/ruize/dev_ws/install/ros2_env/share/ros2_env/models/sandisland/heightmap.png
[0.085s] -- Up-to-date: /home/ruize/dev_ws/install/ros2_env/share/ros2_env/models/sandisland/model.config
[0.085s] -- Up-to-date: /home/ruize/dev_ws/install/ros2_env/share/ros2_env/models/sandisland/materials
[0.085s] -- Up-to-date: /home/ruize/dev_ws/install/ros2_env/share/ros2_env/models/sandisland/materials/textures
[0.085s] -- Up-to-date: /home/ruize/dev_ws/install/ros2_env/share/ros2_env/models/sandisland/materials/textures/sandisland.png
[0.085s] -- Up-to-date: /home/ruize/dev_ws/install/ros2_env/share/ros2_env/worlds
[0.085s] -- Up-to-date: /home/ruize/dev_ws/install/ros2_env/share/ros2_env/worlds/example_course.world.xacro
[0.085s] -- Installing: /home/ruize/dev_ws/install/ros2_env/share/ros2_env/worlds/my_world.world
[0.085s] -- Up-to-date: /home/ruize/dev_ws/install/ros2_env/share/ros2_env/worlds/sandisland.xacro
[0.085s] -- Up-to-date: /home/ruize/dev_ws/install/ros2_env/share/ros2_env/launch
[0.085s] -- Installing: /home/ruize/dev_ws/install/ros2_env/share/ros2_env/launch/ro2_env_launch.py
[0.086s] -- Up-to-date: /home/ruize/dev_ws/install/ros2_env/share/ament_index/resource_index/package_run_dependencies/ros2_env
[0.086s] -- Up-to-date: /home/ruize/dev_ws/install/ros2_env/share/ament_index/resource_index/parent_prefix_path/ros2_env
[0.086s] -- Up-to-date: /home/ruize/dev_ws/install/ros2_env/share/ros2_env/environment/ament_prefix_path.sh
[0.086s] -- Up-to-date: /home/ruize/dev_ws/install/ros2_env/share/ros2_env/environment/ament_prefix_path.dsv
[0.086s] -- Up-to-date: /home/ruize/dev_ws/install/ros2_env/share/ros2_env/environment/path.sh
[0.087s] -- Up-to-date: /home/ruize/dev_ws/install/ros2_env/share/ros2_env/environment/path.dsv
[0.087s] -- Up-to-date: /home/ruize/dev_ws/install/ros2_env/share/ros2_env/local_setup.bash
[0.088s] -- Up-to-date: /home/ruize/dev_ws/install/ros2_env/share/ros2_env/local_setup.sh
[0.088s] -- Up-to-date: /home/ruize/dev_ws/install/ros2_env/share/ros2_env/local_setup.zsh
[0.088s] -- Up-to-date: /home/ruize/dev_ws/install/ros2_env/share/ros2_env/local_setup.dsv
[0.088s] -- Up-to-date: /home/ruize/dev_ws/install/ros2_env/share/ros2_env/package.dsv
[0.088s] -- Up-to-date: /home/ruize/dev_ws/install/ros2_env/share/ament_index/resource_index/packages/ros2_env
[0.088s] -- Up-to-date: /home/ruize/dev_ws/install/ros2_env/share/ros2_env/cmake/ros2_envConfig.cmake
[0.088s] -- Up-to-date: /home/ruize/dev_ws/install/ros2_env/share/ros2_env/cmake/ros2_envConfig-version.cmake
[0.088s] -- Up-to-date: /home/ruize/dev_ws/install/ros2_env/share/ros2_env/package.xml
[0.088s] Invoked command in '/home/ruize/dev_ws/build/ros2_env' returned '0': CMAKE_PREFIX_PATH=${CMAKE_PREFIX_PATH}:/opt/ros/foxy /usr/bin/cmake --install /home/ruize/dev_ws/build/ros2_env
