[0.012s] Invoking command in '/home/ruize/dev_ws/build/ros2_env': CMAKE_PREFIX_PATH=${CMAKE_PREFIX_PATH}:/opt/ros/foxy /usr/bin/cmake /home/ruize/dev_ws/src/ros2_env -DCMAKE_INSTALL_PREFIX=/home/ruize/dev_ws/install/ros2_env
[0.023s] -- Found ament_cmake: 0.9.8 (/opt/ros/foxy/share/ament_cmake/cmake)
[0.042s] -- Using PYTHON_EXECUTABLE: /usr/bin/python3
[0.171s] -- Found rclcpp: 2.3.0 (/opt/ros/foxy/share/rclcpp/cmake)
[0.195s] -- Using all available rosidl_typesupport_c: rosidl_typesupport_fastrtps_c;rosidl_typesupport_introspection_c
[0.198s] -- Found rosidl_adapter: 1.2.0 (/opt/ros/foxy/share/rosidl_adapter/cmake)
[0.292s] -- Using all available rosidl_typesupport_cpp: rosidl_typesupport_fastrtps_cpp;rosidl_typesupport_introspection_cpp
[0.332s] -- Found rmw_implementation_cmake: 1.0.2 (/opt/ros/foxy/share/rmw_implementation_cmake/cmake)
[0.333s] -- Using RMW implementation 'rmw_fastrtps_cpp' as default
[0.435s] -- Found rclpy: 1.0.5 (/opt/ros/foxy/share/rclpy/cmake)
[0.435s] -- Found gazebo_dev: 3.5.0 (/opt/ros/foxy/share/gazebo_dev/cmake)
[0.443s] -- Found PkgConfig: /usr/bin/pkg-config (found version "0.29.1") 
[0.444s] -- Checking for module 'bullet>=2.82'
[0.456s] --   Found bullet, version 2.88
[0.550s] -- Found ccd: /usr/include (found suitable version "2.0", minimum required is "2.0") 
[0.589s] -- Found fcl: /usr/include (found suitable version "0.5.0", minimum required is "0.3.2") 
[0.650s] -- Found assimp: /usr/include (found version "5.0.0") 
[0.685s] -- Found DART: /usr/include (Required is at least version "6.6") found components: dart 
[0.714s] -- Found Boost: /usr/lib/x86_64-linux-gnu/cmake/Boost-1.71.0/BoostConfig.cmake (found suitable version "1.71.0", minimum required is "1.40.0") found components: thread system filesystem program_options regex iostreams date_time 
[0.740s] -- Found Protobuf: /usr/lib/x86_64-linux-gnu/libprotobuf.so;-lpthread (found version "3.6.1") 
[0.746s] -- Looking for ignition-math6 -- found version 6.8.0
[0.756s] -- Searching for dependencies of ignition-math6
[0.759s] -- Looking for OGRE...
[0.760s] -- OGRE_PREFIX_WATCH changed.
[0.764s] -- Checking for module 'OGRE'
[0.775s] --   Found OGRE, version 1.9.0
[0.802s] -- Found Ogre Ghadamon (1.9.0)
[0.809s] -- Found OGRE: optimized;/usr/lib/x86_64-linux-gnu/libOgreMain.so;debug;/usr/lib/x86_64-linux-gnu/libOgreMain.so
[0.820s] -- Looking for OGRE_Paging...
[0.824s] -- Found OGRE_Paging: optimized;/usr/lib/x86_64-linux-gnu/libOgrePaging.so;debug;/usr/lib/x86_64-linux-gnu/libOgrePaging.so
[0.824s] -- Looking for OGRE_Terrain...
[0.830s] -- Found OGRE_Terrain: optimized;/usr/lib/x86_64-linux-gnu/libOgreTerrain.so;debug;/usr/lib/x86_64-linux-gnu/libOgreTerrain.so
[0.830s] -- Looking for OGRE_Property...
[0.835s] -- Found OGRE_Property: optimized;/usr/lib/x86_64-linux-gnu/libOgreProperty.so;debug;/usr/lib/x86_64-linux-gnu/libOgreProperty.so
[0.835s] -- Looking for OGRE_RTShaderSystem...
[0.839s] -- Found OGRE_RTShaderSystem: optimized;/usr/lib/x86_64-linux-gnu/libOgreRTShaderSystem.so;debug;/usr/lib/x86_64-linux-gnu/libOgreRTShaderSystem.so
[0.839s] -- Looking for OGRE_Volume...
[0.843s] -- Found OGRE_Volume: optimized;/usr/lib/x86_64-linux-gnu/libOgreVolume.so;debug;/usr/lib/x86_64-linux-gnu/libOgreVolume.so
[0.843s] -- Looking for OGRE_Overlay...
[0.847s] -- Found OGRE_Overlay: optimized;/usr/lib/x86_64-linux-gnu/libOgreOverlay.so;debug;/usr/lib/x86_64-linux-gnu/libOgreOverlay.so
[0.935s] -- Looking for ignition-math6 -- found version 6.8.0
[0.939s] -- Looking for ignition-transport8 -- found version 8.2.0
[0.940s] -- Searching for dependencies of ignition-transport8
[0.954s] -- Found Protobuf: /usr/lib/x86_64-linux-gnu/libprotobuf.so;-lpthread (found suitable version "3.6.1", minimum required is "3") 
[0.964s] -- Config-file not installed for ZeroMQ -- checking for pkg-config
[0.967s] -- Checking for module 'libzmq >= 4'
[0.981s] --   Found libzmq , version 4.3.2
[1.010s] -- Found ZeroMQ: TRUE (Required is at least version "4") 
[1.016s] -- Checking for module 'uuid'
[1.029s] --   Found uuid, version 2.34.0
[1.057s] -- Found UUID: TRUE  
[1.060s] -- Looking for ignition-msgs5 -- found version 5.7.0
[1.061s] -- Searching for dependencies of ignition-msgs5
[1.076s] -- Looking for ignition-math6 -- found version 6.8.0
[1.080s] -- Checking for module 'tinyxml2'
[1.091s] --   Found tinyxml2, version 6.2.0
[1.130s] -- Looking for ignition-msgs5 -- found version 5.7.0
[1.133s] -- Looking for ignition-common3 -- found version 3.11.1
[1.133s] -- Searching for dependencies of ignition-common3
[1.134s] -- Looking for dlfcn.h - found
[1.135s] -- Looking for libdl - found
[1.136s] -- Found DL: TRUE  
[1.142s] -- Searching for <ignition-common3> component [graphics]
[1.145s] -- Looking for ignition-common3-graphics -- found version 3.11.1
[1.145s] -- Searching for dependencies of ignition-common3-graphics
[1.146s] -- Looking for ignition-math6 -- found version 6.8.0
[1.150s] -- Looking for ignition-fuel_tools4 -- found version 4.3.0
[1.150s] -- Searching for dependencies of ignition-fuel_tools4
[1.202s] -- Found CURL: /usr/lib/x86_64-linux-gnu/libcurl.so (found version "7.68.0")  
[1.214s] -- Checking for module 'jsoncpp'
[1.229s] --   Found jsoncpp, version 1.7.4
[1.257s] -- Found JSONCPP: TRUE  
[1.262s] -- Checking for module 'libzip'
[1.273s] --   Found libzip, version 1.5.1
[1.299s] -- Found ZIP: TRUE  
[1.299s] -- Looking for ignition-common3 -- found version 3.11.1
[1.299s] -- Looking for ignition-msgs5 -- found version 5.7.0
[1.302s] -- Gazebo version: 11.3
[1.303s] -- Found gazebo_plugins: 3.5.0 (/opt/ros/foxy/share/gazebo_plugins/cmake)
[1.561s] -- Found ament_lint_auto: 0.9.6 (/opt/ros/foxy/share/ament_lint_auto/cmake)
[1.637s] -- Added test 'copyright' to check source files copyright and LICENSE
[1.645s] -- Added test 'flake8' to check Python code syntax and style conventions
[1.646s] -- Added test 'lint_cmake' to check CMake code style
[1.648s] -- Added test 'pep257' to check Python code against some of the style conventions in PEP 257
[1.651s] -- Added test 'xmllint' to check XML markup files
[1.655s] -- Configuring done
[1.659s] -- Generating done
[1.663s] -- Build files have been written to: /home/ruize/dev_ws/build/ros2_env
[1.676s] Invoked command in '/home/ruize/dev_ws/build/ros2_env' returned '0': CMAKE_PREFIX_PATH=${CMAKE_PREFIX_PATH}:/opt/ros/foxy /usr/bin/cmake /home/ruize/dev_ws/src/ros2_env -DCMAKE_INSTALL_PREFIX=/home/ruize/dev_ws/install/ros2_env
[1.678s] Invoking command in '/home/ruize/dev_ws/build/ros2_env': CMAKE_PREFIX_PATH=${CMAKE_PREFIX_PATH}:/opt/ros/foxy /usr/bin/cmake --build /home/ruize/dev_ws/build/ros2_env -- -j4 -l4
[1.708s] Invoked command in '/home/ruize/dev_ws/build/ros2_env' returned '0': CMAKE_PREFIX_PATH=${CMAKE_PREFIX_PATH}:/opt/ros/foxy /usr/bin/cmake --build /home/ruize/dev_ws/build/ros2_env -- -j4 -l4
[1.738s] Invoking command in '/home/ruize/dev_ws/build/ros2_env': CMAKE_PREFIX_PATH=${CMAKE_PREFIX_PATH}:/opt/ros/foxy /usr/bin/cmake --install /home/ruize/dev_ws/build/ros2_env
[1.746s] -- Install configuration: ""
[1.746s] -- Installing: /home/ruize/dev_ws/install/ros2_env/share/ros2_env/models
[1.747s] -- Installing: /home/ruize/dev_ws/install/ros2_env/share/ros2_env/models/sandisland
[1.747s] -- Installing: /home/ruize/dev_ws/install/ros2_env/share/ros2_env/models/sandisland/meshes
[1.747s] -- Installing: /home/ruize/dev_ws/install/ros2_env/share/ros2_env/models/sandisland/meshes/sandisland.dae
[1.747s] -- Installing: /home/ruize/dev_ws/install/ros2_env/share/ros2_env/models/sandisland/model.sdf
[1.747s] -- Installing: /home/ruize/dev_ws/install/ros2_env/share/ros2_env/models/sandisland/heightmap.png
[1.747s] -- Installing: /home/ruize/dev_ws/install/ros2_env/share/ros2_env/models/sandisland/model.config
[1.748s] -- Installing: /home/ruize/dev_ws/install/ros2_env/share/ros2_env/models/sandisland/materials
[1.748s] -- Installing: /home/ruize/dev_ws/install/ros2_env/share/ros2_env/models/sandisland/materials/textures
[1.748s] -- Installing: /home/ruize/dev_ws/install/ros2_env/share/ros2_env/models/sandisland/materials/textures/sandisland.png
[1.768s] -- Installing: /home/ruize/dev_ws/install/ros2_env/share/ros2_env/worlds
[1.768s] -- Installing: /home/ruize/dev_ws/install/ros2_env/share/ros2_env/worlds/example_course.world.xacro
[1.768s] -- Installing: /home/ruize/dev_ws/install/ros2_env/share/ros2_env/worlds/sandisland.xacro
[1.768s] -- Installing: /home/ruize/dev_ws/install/ros2_env/share/ros2_env/launch
[1.768s] -- Installing: /home/ruize/dev_ws/install/ros2_env/share/ros2_env/launch/ro2_env_launch.py
[1.768s] -- Installing: /home/ruize/dev_ws/install/ros2_env/share/ament_index/resource_index/package_run_dependencies/ros2_env
[1.768s] -- Installing: /home/ruize/dev_ws/install/ros2_env/share/ament_index/resource_index/parent_prefix_path/ros2_env
[1.768s] -- Installing: /home/ruize/dev_ws/install/ros2_env/share/ros2_env/environment/ament_prefix_path.sh
[1.768s] -- Installing: /home/ruize/dev_ws/install/ros2_env/share/ros2_env/environment/ament_prefix_path.dsv
[1.769s] -- Installing: /home/ruize/dev_ws/install/ros2_env/share/ros2_env/environment/path.sh
[1.769s] -- Installing: /home/ruize/dev_ws/install/ros2_env/share/ros2_env/environment/path.dsv
[1.769s] -- Installing: /home/ruize/dev_ws/install/ros2_env/share/ros2_env/local_setup.bash
[1.769s] -- Installing: /home/ruize/dev_ws/install/ros2_env/share/ros2_env/local_setup.sh
[1.769s] -- Installing: /home/ruize/dev_ws/install/ros2_env/share/ros2_env/local_setup.zsh
[1.771s] -- Installing: /home/ruize/dev_ws/install/ros2_env/share/ros2_env/local_setup.dsv
[1.771s] -- Installing: /home/ruize/dev_ws/install/ros2_env/share/ros2_env/package.dsv
[1.771s] -- Installing: /home/ruize/dev_ws/install/ros2_env/share/ament_index/resource_index/packages/ros2_env
[1.771s] -- Installing: /home/ruize/dev_ws/install/ros2_env/share/ros2_env/cmake/ros2_envConfig.cmake
[1.771s] -- Installing: /home/ruize/dev_ws/install/ros2_env/share/ros2_env/cmake/ros2_envConfig-version.cmake
[1.771s] -- Installing: /home/ruize/dev_ws/install/ros2_env/share/ros2_env/package.xml
[1.771s] Invoked command in '/home/ruize/dev_ws/build/ros2_env' returned '0': CMAKE_PREFIX_PATH=${CMAKE_PREFIX_PATH}:/opt/ros/foxy /usr/bin/cmake --install /home/ruize/dev_ws/build/ros2_env
